#
# There is insufficient memory for the Java Runtime Environment to continue.
# Native memory allocation (malloc) failed to allocate 1048576 bytes. Error detail: AllocateHeap
# Possible reasons:
#   The system is out of physical RAM or swap space
#   This process is running with CompressedOops enabled, and the Java Heap may be blocking the growth of the native heap
# Possible solutions:
#   Reduce memory load on the system
#   Increase physical memory or swap space
#   Check if swap backing store is full
#   Decrease Java heap size (-Xmx/-Xms)
#   Decrease number of Java threads
#   Decrease Java thread stack sizes (-Xss)
#   Set larger code cache with -XX:ReservedCodeCacheSize=
#   JVM is running with Unscaled Compressed Oops mode in which the Java heap is
#     placed in the first 4GB address space. The Java Heap base address is the
#     maximum limit for the native heap growth. Please use -XX:HeapBaseMinAddress
#     to set the Java Heap base and to place the Java Heap above 4GB virtual address.
# This output file may be truncated or incomplete.
#
#  Out of Memory Error (allocation.cpp:44), pid=16916, tid=17256
#
# JRE version: OpenJDK Runtime Environment Temurin-21.0.8+9 (21.0.8+9) (build 21.0.8+9-LTS)
# Java VM: OpenJDK 64-Bit Server VM Temurin-21.0.8+9 (21.0.8+9-LTS, mixed mode, sharing, tiered, compressed oops, compressed class ptrs, parallel gc, windows-amd64)
# No core dump will be written. Minidumps are not enabled by default on client versions of Windows
#

---------------  S U M M A R Y ------------

Command Line: --add-modules=ALL-SYSTEM --add-opens=java.base/java.util=ALL-UNNAMED --add-opens=java.base/java.lang=ALL-UNNAMED --add-opens=java.base/sun.nio.fs=ALL-UNNAMED -Declipse.application=org.eclipse.jdt.ls.core.id1 -Dosgi.bundles.defaultStartLevel=4 -Declipse.product=org.eclipse.jdt.ls.core.product -Djava.import.generatesMetadataFilesAtProjectRoot=false -DDetectVMInstallationsJob.disabled=true -Dfile.encoding=utf8 -XX:+UseParallelGC -XX:GCTimeRatio=4 -XX:AdaptiveSizePolicyWeight=90 -Dsun.zip.disableMemoryMapping=true -Xmx2G -Xms100m -Xlog:disable -javaagent:c:\Users\jamed\.vscode\extensions\redhat.java-1.44.0-win32-x64\lombok\lombok-1.18.39-4050.jar -XX:+HeapDumpOnOutOfMemoryError -XX:HeapDumpPath=c:\Users\jamed\AppData\Roaming\Code\User\workspaceStorage\694c31b33b156eb004839e56b4467a95\redhat.java -Daether.dependencyCollector.impl=bf c:\Users\jamed\.vscode\extensions\redhat.java-1.44.0-win32-x64\server\plugins\org.eclipse.equinox.launcher_1.7.0.v20250519-0528.jar -configuration c:\Users\jamed\AppData\Roaming\Code\User\globalStorage\redhat.java\1.44.0\config_win -data c:\Users\jamed\AppData\Roaming\Code\User\workspaceStorage\694c31b33b156eb004839e56b4467a95\redhat.java\jdt_ws --pipe=\\.\pipe\lsp-daca1909409bf0e421c3086a9c177ad1-sock

Host: AMD Ryzen 7 4800HS with Radeon Graphics         , 16 cores, 15G,  Windows 11 , 64 bit Build 26100 (10.0.26100.4768)
Time: Tue Sep  2 15:08:55 2025 E. Australia Standard Time elapsed time: 4819.920727 seconds (0d 1h 20m 19s)

---------------  T H R E A D  ---------------

Current thread (0x000001b32128e980):  JavaThread "Attach Listener" daemon [_thread_in_vm, id=17256, stack(0x000000212ce00000,0x000000212cf00000) (1024K)]

Stack: [0x000000212ce00000,0x000000212cf00000]
Native frames: (J=compiled Java code, j=interpreted, Vv=VM code, C=native code)
V  [jvm.dll+0x6d2449]
V  [jvm.dll+0x8ae341]
V  [jvm.dll+0x8b08be]
V  [jvm.dll+0x8b0fa3]
V  [jvm.dll+0x280c96]
V  [jvm.dll+0xc0347]
V  [jvm.dll+0x6d2cf9]
V  [jvm.dll+0x131116]
V  [jvm.dll+0x3f2d16]
V  [jvm.dll+0x857e6b]
V  [jvm.dll+0x6d0b0d]
C  [ucrtbase.dll+0x37b0]
C  [KERNEL32.DLL+0x2e8d7]
C  [ntdll.dll+0x3c34c]


---------------  P R O C E S S  ---------------

Threads class SMR info:
_java_thread_list=0x000001b3054e7280, length=43, elements={
0x000001b3211e03a0, 0x000001b321284780, 0x000001b32118bfb0, 0x000001b321289af0,
0x000001b32128e980, 0x000001b3212903c0, 0x000001b3212910e0, 0x000001b379f75fe0,
0x000001b379f977d0, 0x000001b321290a50, 0x000001b321291770, 0x000001b32128e2f0,
0x000001b32128f010, 0x000001b32128f6a0, 0x000001b3043ec3b0, 0x000001b3043eddf0,
0x000001b3043ee480, 0x000001b3043eeb10, 0x000001b3043efec0, 0x000001b3043ed0d0,
0x000001b3043f1270, 0x000001b3043f2cb0, 0x000001b3043f1f90, 0x000001b3043f2620,
0x000001b3043f39d0, 0x000001b3111e3080, 0x000001b3111e0fb0, 0x000001b3111e3da0,
0x000001b3111e29f0, 0x000001b3111e3710, 0x000001b3111e0920, 0x000001b3111e4430,
0x000001b3111e1640, 0x000001b3111e4ac0, 0x000001b3111e5150, 0x000001b3111e1cd0,
0x000001b3111e7220, 0x000001b3111e57e0, 0x000001b3111e5e70, 0x000001b3111e78b0,
0x000001b3111e6500, 0x000001b304e67360, 0x000001b304e63850
}

Java Threads: ( => current thread )
  0x000001b3211e03a0 JavaThread "main"                              [_thread_blocked, id=7088, stack(0x000000212c700000,0x000000212c800000) (1024K)]
  0x000001b321284780 JavaThread "Reference Handler"          daemon [_thread_blocked, id=17260, stack(0x000000212cb00000,0x000000212cc00000) (1024K)]
  0x000001b32118bfb0 JavaThread "Finalizer"                  daemon [_thread_blocked, id=9552, stack(0x000000212cc00000,0x000000212cd00000) (1024K)]
  0x000001b321289af0 JavaThread "Signal Dispatcher"          daemon [_thread_blocked, id=2364, stack(0x000000212cd00000,0x000000212ce00000) (1024K)]
=>0x000001b32128e980 JavaThread "Attach Listener"            daemon [_thread_in_vm, id=17256, stack(0x000000212ce00000,0x000000212cf00000) (1024K)]
  0x000001b3212903c0 JavaThread "Service Thread"             daemon [_thread_blocked, id=17252, stack(0x000000212cf00000,0x000000212d000000) (1024K)]
  0x000001b3212910e0 JavaThread "Monitor Deflation Thread"   daemon [_thread_blocked, id=3260, stack(0x000000212d000000,0x000000212d100000) (1024K)]
  0x000001b379f75fe0 JavaThread "C2 CompilerThread0"         daemon [_thread_blocked, id=5452, stack(0x000000212d100000,0x000000212d200000) (1024K)]
  0x000001b379f977d0 JavaThread "C1 CompilerThread0"         daemon [_thread_blocked, id=15212, stack(0x000000212d200000,0x000000212d300000) (1024K)]
  0x000001b321290a50 JavaThread "Common-Cleaner"             daemon [_thread_blocked, id=18276, stack(0x000000212d300000,0x000000212d400000) (1024K)]
  0x000001b321291770 JavaThread "Notification Thread"        daemon [_thread_blocked, id=14428, stack(0x000000212d800000,0x000000212d900000) (1024K)]
  0x000001b32128e2f0 JavaThread "Active Thread: Equinox Container: c246c3c0-169c-4864-8c58-a509eefc8bef"        [_thread_blocked, id=11852, stack(0x000000212e100000,0x000000212e200000) (1024K)]
  0x000001b32128f010 JavaThread "Refresh Thread: Equinox Container: c246c3c0-169c-4864-8c58-a509eefc8bef" daemon [_thread_blocked, id=1608, stack(0x000000212d500000,0x000000212d600000) (1024K)]
  0x000001b32128f6a0 JavaThread "Framework Event Dispatcher: Equinox Container: c246c3c0-169c-4864-8c58-a509eefc8bef" daemon [_thread_blocked, id=17232, stack(0x000000212d600000,0x000000212d700000) (1024K)]
  0x000001b3043ec3b0 JavaThread "Start Level: Equinox Container: c246c3c0-169c-4864-8c58-a509eefc8bef" daemon [_thread_blocked, id=3356, stack(0x000000212d700000,0x000000212d800000) (1024K)]
  0x000001b3043eddf0 JavaThread "Bundle File Closer"         daemon [_thread_blocked, id=17608, stack(0x000000212e400000,0x000000212e500000) (1024K)]
  0x000001b3043ee480 JavaThread "SCR Component Actor"        daemon [_thread_blocked, id=15668, stack(0x000000212d400000,0x000000212d500000) (1024K)]
  0x000001b3043eeb10 JavaThread "Worker-JM"                         [_thread_blocked, id=10776, stack(0x000000212eb00000,0x000000212ec00000) (1024K)]
  0x000001b3043efec0 JavaThread "JNA Cleaner"                daemon [_thread_blocked, id=11628, stack(0x000000212ee00000,0x000000212ef00000) (1024K)]
  0x000001b3043ed0d0 JavaThread "Java indexing"              daemon [_thread_blocked, id=13784, stack(0x000000212f300000,0x000000212f400000) (1024K)]
  0x000001b3043f1270 JavaThread "Worker-4"                          [_thread_blocked, id=17172, stack(0x000000212fa00000,0x000000212fb00000) (1024K)]
  0x000001b3043f2cb0 JavaThread "Thread-2"                   daemon [_thread_in_native, id=17596, stack(0x000000212fd00000,0x000000212fe00000) (1024K)]
  0x000001b3043f1f90 JavaThread "Thread-3"                   daemon [_thread_in_native, id=6816, stack(0x000000212fe00000,0x000000212ff00000) (1024K)]
  0x000001b3043f2620 JavaThread "Thread-4"                   daemon [_thread_in_native, id=6880, stack(0x000000212ff00000,0x0000002130000000) (1024K)]
  0x000001b3043f39d0 JavaThread "Thread-5"                   daemon [_thread_in_native, id=15052, stack(0x0000002130000000,0x0000002130100000) (1024K)]
  0x000001b3111e3080 JavaThread "Thread-6"                   daemon [_thread_in_native, id=15520, stack(0x0000002130100000,0x0000002130200000) (1024K)]
  0x000001b3111e0fb0 JavaThread "Thread-7"                   daemon [_thread_in_native, id=4660, stack(0x0000002130300000,0x0000002130400000) (1024K)]
  0x000001b3111e3da0 JavaThread "Thread-8"                   daemon [_thread_in_native, id=6824, stack(0x0000002130400000,0x0000002130500000) (1024K)]
  0x000001b3111e29f0 JavaThread "Thread-9"                   daemon [_thread_in_native, id=19360, stack(0x0000002130500000,0x0000002130600000) (1024K)]
  0x000001b3111e3710 JavaThread "Thread-10"                  daemon [_thread_in_native, id=12840, stack(0x0000002130600000,0x0000002130700000) (1024K)]
  0x000001b3111e0920 JavaThread "Thread-11"                  daemon [_thread_in_native, id=19220, stack(0x0000002130700000,0x0000002130800000) (1024K)]
  0x000001b3111e4430 JavaThread "Thread-12"                  daemon [_thread_in_native, id=19204, stack(0x0000002130800000,0x0000002130900000) (1024K)]
  0x000001b3111e1640 JavaThread "Thread-13"                  daemon [_thread_in_native, id=19340, stack(0x0000002130900000,0x0000002130a00000) (1024K)]
  0x000001b3111e4ac0 JavaThread "Thread-14"                  daemon [_thread_in_native, id=1900, stack(0x0000002130a00000,0x0000002130b00000) (1024K)]
  0x000001b3111e5150 JavaThread "Thread-15"                  daemon [_thread_in_native, id=15228, stack(0x0000002130b00000,0x0000002130c00000) (1024K)]
  0x000001b3111e1cd0 JavaThread "Thread-16"                  daemon [_thread_in_native, id=15480, stack(0x0000002130c00000,0x0000002130d00000) (1024K)]
  0x000001b3111e7220 JavaThread "Thread-17"                  daemon [_thread_in_native, id=9844, stack(0x0000002130d00000,0x0000002130e00000) (1024K)]
  0x000001b3111e57e0 JavaThread "Thread-18"                  daemon [_thread_in_native, id=17036, stack(0x0000002130e00000,0x0000002130f00000) (1024K)]
  0x000001b3111e5e70 JavaThread "pool-2-thread-1"                   [_thread_blocked, id=18516, stack(0x0000002130f00000,0x0000002131000000) (1024K)]
  0x000001b3111e78b0 JavaThread "WorkspaceEventsHandler"            [_thread_blocked, id=11528, stack(0x0000002131100000,0x0000002131200000) (1024K)]
  0x000001b3111e6500 JavaThread "pool-1-thread-1"                   [_thread_blocked, id=8544, stack(0x0000002131200000,0x0000002131300000) (1024K)]
  0x000001b304e67360 JavaThread "Cleaner-0"                  daemon [_thread_blocked, id=7096, stack(0x000000212f700000,0x000000212f800000) (1024K)]
  0x000001b304e63850 JavaThread "Worker-8"                          [_thread_blocked, id=22616, stack(0x000000212c400000,0x000000212c500000) (1024K)]
Total: 43

Other Threads:
  0x000001b32127f850 VMThread "VM Thread"                           [id=7936, stack(0x000000212ca00000,0x000000212cb00000) (1024K)]
  0x000001b32106ca10 WatcherThread "VM Periodic Task Thread"        [id=4884, stack(0x000000212c900000,0x000000212ca00000) (1024K)]
  0x000001b3211feb00 WorkerThread "GC Thread#0"                     [id=13992, stack(0x000000212c800000,0x000000212c900000) (1024K)]
  0x000001b3045f5950 WorkerThread "GC Thread#1"                     [id=17288, stack(0x000000212da00000,0x000000212db00000) (1024K)]
  0x000001b3047b9cf0 WorkerThread "GC Thread#2"                     [id=412, stack(0x000000212db00000,0x000000212dc00000) (1024K)]
  0x000001b3047ba090 WorkerThread "GC Thread#3"                     [id=15364, stack(0x000000212dc00000,0x000000212dd00000) (1024K)]
  0x000001b3047ba430 WorkerThread "GC Thread#4"                     [id=16412, stack(0x000000212dd00000,0x000000212de00000) (1024K)]
  0x000001b3047ba7d0 WorkerThread "GC Thread#5"                     [id=12320, stack(0x000000212de00000,0x000000212df00000) (1024K)]
  0x000001b304793e80 WorkerThread "GC Thread#6"                     [id=16672, stack(0x000000212df00000,0x000000212e000000) (1024K)]
  0x000001b304c29ef0 WorkerThread "GC Thread#7"                     [id=19012, stack(0x000000212e200000,0x000000212e300000) (1024K)]
  0x000001b304053df0 WorkerThread "GC Thread#8"                     [id=2292, stack(0x000000212d900000,0x000000212da00000) (1024K)]
  0x000001b304054c70 WorkerThread "GC Thread#9"                     [id=8896, stack(0x000000212e000000,0x000000212e100000) (1024K)]
  0x000001b304054530 WorkerThread "GC Thread#10"                    [id=17612, stack(0x000000212e300000,0x000000212e400000) (1024K)]
  0x000001b304053a50 WorkerThread "GC Thread#11"                    [id=18680, stack(0x000000212e700000,0x000000212e800000) (1024K)]
  0x000001b3040536b0 WorkerThread "GC Thread#12"                    [id=4392, stack(0x000000212ed00000,0x000000212ee00000) (1024K)]
Total: 15

Threads with active compile tasks:
Total: 0

VM state: not at safepoint (normal execution)

VM Mutex/Monitor currently owned by a thread: None

Heap address: 0x0000000080000000, size: 2048 MB, Compressed Oops mode: 32-bit

CDS archive(s) mapped at: [0x000001b338000000-0x000001b338ba0000-0x000001b338ba0000), size 12189696, SharedBaseAddress: 0x000001b338000000, ArchiveRelocationMode: 1.
Compressed class space mapped at: 0x000001b339000000-0x000001b379000000, reserved size: 1073741824
Narrow klass base: 0x000001b338000000, Narrow klass shift: 0, Narrow klass range: 0x100000000

GC Precious Log:
 CardTable entry size: 512
 CPUs: 16 total, 16 available
 Memory: 15789M
 Large Page Support: Disabled
 NUMA Support: Disabled
 Compressed Oops: Enabled (32-bit)
 Alignments: Space 512K, Generation 512K, Heap 2M
 Heap Min Capacity: 100M
 Heap Initial Capacity: 100M
 Heap Max Capacity: 2G
 Pre-touch: Disabled
 Parallel Workers: 13

Heap:
 PSYoungGen      total 3584K, used 1176K [0x00000000d5580000, 0x00000000d5a80000, 0x0000000100000000)
  eden space 3072K, 24% used [0x00000000d5580000,0x00000000d563e278,0x00000000d5880000)
  from space 512K, 81% used [0x00000000d5980000,0x00000000d59e8000,0x00000000d5a00000)
  to   space 512K, 0% used [0x00000000d5a00000,0x00000000d5a00000,0x00000000d5a80000)
 ParOldGen       total 643584K, used 643372K [0x0000000080000000, 0x00000000a7480000, 0x00000000d5580000)
  object space 643584K, 99% used [0x0000000080000000,0x00000000a744b250,0x00000000a7480000)
 Metaspace       used 69309K, committed 70912K, reserved 1114112K
  class space    used 7183K, committed 7872K, reserved 1048576K

Card table byte_map: [0x000001b320b80000,0x000001b320f90000] _byte_map_base: 0x000001b320780000

Marking Bits: (ParMarkBitMap*) 0x00007ffd0d87a340
 Begin Bits: [0x000001b333680000, 0x000001b335680000)
 End Bits:   [0x000001b335680000, 0x000001b337680000)

Polling page: 0x000001b31f080000

Metaspace:

Usage:
  Non-class:     60.67 MB used.
      Class:      7.01 MB used.
       Both:     67.69 MB used.

Virtual space:
  Non-class space:       64.00 MB reserved,      61.56 MB ( 96%) committed,  1 nodes.
      Class space:        1.00 GB reserved,       7.69 MB ( <1%) committed,  1 nodes.
             Both:        1.06 GB reserved,      69.25 MB (  6%) committed. 

Chunk freelists:
   Non-Class:  1.72 MB
       Class:  8.17 MB
        Both:  9.89 MB

MaxMetaspaceSize: unlimited
CompressedClassSpaceSize: 1.00 GB
Initial GC threshold: 21.00 MB
Current GC threshold: 97.31 MB
CDS: on
 - commit_granule_bytes: 65536.
 - commit_granule_words: 8192.
 - virtual_space_node_default_size: 8388608.
 - enlarge_chunks_in_place: 1.
 - use_allocation_guard: 0.


Internal statistics:

num_allocs_failed_limit: 13.
num_arena_births: 1198.
num_arena_deaths: 14.
num_vsnodes_births: 2.
num_vsnodes_deaths: 0.
num_space_committed: 1108.
num_space_uncommitted: 0.
num_chunks_returned_to_freelist: 27.
num_chunks_taken_from_freelist: 4654.
num_chunk_merges: 15.
num_chunk_splits: 2730.
num_chunks_enlarged: 1409.
num_inconsistent_stats: 0.

CodeHeap 'non-profiled nmethods': size=119168Kb used=10822Kb max_used=10822Kb free=108345Kb
 bounds [0x000001b32bf70000, 0x000001b32ca10000, 0x000001b3333d0000]
CodeHeap 'profiled nmethods': size=119104Kb used=29095Kb max_used=29095Kb free=90009Kb
 bounds [0x000001b3243d0000, 0x000001b326040000, 0x000001b32b820000]
CodeHeap 'non-nmethods': size=7488Kb used=1467Kb max_used=3250Kb free=6020Kb
 bounds [0x000001b32b820000, 0x000001b32bb60000, 0x000001b32bf70000]
CodeCache: size=245760Kb, used=41384Kb, max_used=43167Kb, free=204374Kb
 total_blobs=12934, nmethods=12149, adapters=688, full_count=0
Compilation: enabled, stopped_count=0, restarted_count=0

Compilation events (20 events):
Event: 4411.651 Thread 0x000001b379f977d0 12994       3       sun.security.provider.AbstractDrbg::engineNextBytes (15 bytes)
Event: 4411.652 Thread 0x000001b379f75fe0 13001       4       java.util.HashMap::putIfAbsent (13 bytes)
Event: 4411.652 Thread 0x000001b379f977d0 nmethod 12994 0x000001b326032390 code [0x000001b326032540, 0x000001b3260326e0]
Event: 4411.652 Thread 0x000001b379f977d0 12995       3       java.security.DrbgParameters::nextBytes (11 bytes)
Event: 4411.653 Thread 0x000001b379f977d0 nmethod 12995 0x000001b326032790 code [0x000001b326032940, 0x000001b326032ad8]
Event: 4411.653 Thread 0x000001b379f977d0 12996       3       java.security.DrbgParameters$NextBytes::<init> (66 bytes)
Event: 4411.657 Thread 0x000001b379f977d0 nmethod 12996 0x000001b326032b90 code [0x000001b326032de0, 0x000001b326033670]
Event: 4411.657 Thread 0x000001b379f977d0 12997   !   3       sun.security.provider.AbstractDrbg::engineNextBytes (283 bytes)
Event: 4411.680 Thread 0x000001b379f977d0 nmethod 12997 0x000001b326033990 code [0x000001b326033dc0, 0x000001b326035a48]
Event: 4411.680 Thread 0x000001b379f977d0 12998       3       java.security.DrbgParameters$NextBytes::getAdditionalInput (22 bytes)
Event: 4411.681 Thread 0x000001b379f977d0 nmethod 12998 0x000001b326036490 code [0x000001b326036640, 0x000001b326036960]
Event: 4411.681 Thread 0x000001b379f977d0 12999  s    3       sun.security.provider.AbstractDrbg::instantiateIfNecessary (60 bytes)
Event: 4411.682 Thread 0x000001b379f977d0 nmethod 12999 0x000001b326036a10 code [0x000001b326036c00, 0x000001b326037050]
Event: 4411.682 Thread 0x000001b379f977d0 13000  s    3       sun.security.provider.HashDrbg::generateAlgorithm (188 bytes)
Event: 4411.688 Thread 0x000001b379f977d0 nmethod 13000 0x000001b326037190 code [0x000001b3260374e0, 0x000001b326039320]
Event: 4411.693 Thread 0x000001b379f75fe0 nmethod 13001 0x000001b32ca00610 code [0x000001b32ca00800, 0x000001b32ca00e08]
Event: 4476.918 Thread 0x000001b379f75fe0 13002       4       java.util.concurrent.TimeUnit::toNanos (45 bytes)
Event: 4476.919 Thread 0x000001b379f75fe0 nmethod 13002 0x000001b32ca01390 code [0x000001b32ca01520, 0x000001b32ca01618]
Event: 4616.517 Thread 0x000001b379f977d0 13003       1       org.eclipse.osgi.internal.location.BasicLocation::isReadOnly (5 bytes)
Event: 4616.518 Thread 0x000001b379f977d0 nmethod 13003 0x000001b32ca01710 code [0x000001b32ca018a0, 0x000001b32ca01970]

GC Heap History (20 events):
Event: 54.404 GC heap before
{Heap before GC invocations=671 (full 3):
 PSYoungGen      total 3584K, used 3456K [0x00000000d5580000, 0x00000000d5a80000, 0x0000000100000000)
  eden space 3072K, 100% used [0x00000000d5580000,0x00000000d5880000,0x00000000d5880000)
  from space 512K, 75% used [0x00000000d5980000,0x00000000d59e0000,0x00000000d5a00000)
  to   space 512K, 0% used [0x00000000d5a00000,0x00000000d5a00000,0x00000000d5a80000)
 ParOldGen       total 642048K, used 641896K [0x0000000080000000, 0x00000000a7300000, 0x00000000d5580000)
  object space 642048K, 99% used [0x0000000080000000,0x00000000a72da0a0,0x00000000a7300000)
 Metaspace       used 68571K, committed 70144K, reserved 1114112K
  class space    used 7154K, committed 7808K, reserved 1048576K
}
Event: 54.406 GC heap after
{Heap after GC invocations=671 (full 3):
 PSYoungGen      total 3584K, used 512K [0x00000000d5580000, 0x00000000d5a80000, 0x0000000100000000)
  eden space 3072K, 0% used [0x00000000d5580000,0x00000000d5580000,0x00000000d5880000)
  from space 512K, 100% used [0x00000000d5a00000,0x00000000d5a80000,0x00000000d5a80000)
  to   space 1024K, 0% used [0x00000000d5880000,0x00000000d5880000,0x00000000d5980000)
 ParOldGen       total 642048K, used 641980K [0x0000000080000000, 0x00000000a7300000, 0x00000000d5580000)
  object space 642048K, 99% used [0x0000000080000000,0x00000000a72ef0b0,0x00000000a7300000)
 Metaspace       used 68571K, committed 70144K, reserved 1114112K
  class space    used 7154K, committed 7808K, reserved 1048576K
}
Event: 54.449 GC heap before
{Heap before GC invocations=672 (full 3):
 PSYoungGen      total 3584K, used 3584K [0x00000000d5580000, 0x00000000d5a80000, 0x0000000100000000)
  eden space 3072K, 100% used [0x00000000d5580000,0x00000000d5880000,0x00000000d5880000)
  from space 512K, 100% used [0x00000000d5a00000,0x00000000d5a80000,0x00000000d5a80000)
  to   space 1024K, 0% used [0x00000000d5880000,0x00000000d5880000,0x00000000d5980000)
 ParOldGen       total 642048K, used 641980K [0x0000000080000000, 0x00000000a7300000, 0x00000000d5580000)
  object space 642048K, 99% used [0x0000000080000000,0x00000000a72ef0b0,0x00000000a7300000)
 Metaspace       used 68597K, committed 70144K, reserved 1114112K
  class space    used 7154K, committed 7808K, reserved 1048576K
}
Event: 54.452 GC heap after
{Heap after GC invocations=672 (full 3):
 PSYoungGen      total 4096K, used 416K [0x00000000d5580000, 0x00000000d5a80000, 0x0000000100000000)
  eden space 3072K, 0% used [0x00000000d5580000,0x00000000d5580000,0x00000000d5880000)
  from space 1024K, 40% used [0x00000000d5880000,0x00000000d58e8000,0x00000000d5980000)
  to   space 512K, 0% used [0x00000000d5a00000,0x00000000d5a00000,0x00000000d5a80000)
 ParOldGen       total 642560K, used 642471K [0x0000000080000000, 0x00000000a7380000, 0x00000000d5580000)
  object space 642560K, 99% used [0x0000000080000000,0x00000000a7369c08,0x00000000a7380000)
 Metaspace       used 68597K, committed 70144K, reserved 1114112K
  class space    used 7154K, committed 7808K, reserved 1048576K
}
Event: 54.485 GC heap before
{Heap before GC invocations=673 (full 3):
 PSYoungGen      total 4096K, used 3488K [0x00000000d5580000, 0x00000000d5a80000, 0x0000000100000000)
  eden space 3072K, 100% used [0x00000000d5580000,0x00000000d5880000,0x00000000d5880000)
  from space 1024K, 40% used [0x00000000d5880000,0x00000000d58e8000,0x00000000d5980000)
  to   space 512K, 0% used [0x00000000d5a00000,0x00000000d5a00000,0x00000000d5a80000)
 ParOldGen       total 642560K, used 642471K [0x0000000080000000, 0x00000000a7380000, 0x00000000d5580000)
  object space 642560K, 99% used [0x0000000080000000,0x00000000a7369c08,0x00000000a7380000)
 Metaspace       used 68617K, committed 70144K, reserved 1114112K
  class space    used 7154K, committed 7808K, reserved 1048576K
}
Event: 54.488 GC heap after
{Heap after GC invocations=673 (full 3):
 PSYoungGen      total 3584K, used 256K [0x00000000d5580000, 0x00000000d5a80000, 0x0000000100000000)
  eden space 3072K, 0% used [0x00000000d5580000,0x00000000d5580000,0x00000000d5880000)
  from space 512K, 50% used [0x00000000d5a00000,0x00000000d5a40000,0x00000000d5a80000)
  to   space 512K, 0% used [0x00000000d5980000,0x00000000d5980000,0x00000000d5a00000)
 ParOldGen       total 643072K, used 642668K [0x0000000080000000, 0x00000000a7400000, 0x00000000d5580000)
  object space 643072K, 99% used [0x0000000080000000,0x00000000a739b280,0x00000000a7400000)
 Metaspace       used 68617K, committed 70144K, reserved 1114112K
  class space    used 7154K, committed 7808K, reserved 1048576K
}
Event: 57.597 GC heap before
{Heap before GC invocations=674 (full 3):
 PSYoungGen      total 3584K, used 3328K [0x00000000d5580000, 0x00000000d5a80000, 0x0000000100000000)
  eden space 3072K, 100% used [0x00000000d5580000,0x00000000d5880000,0x00000000d5880000)
  from space 512K, 50% used [0x00000000d5a00000,0x00000000d5a40000,0x00000000d5a80000)
  to   space 512K, 0% used [0x00000000d5980000,0x00000000d5980000,0x00000000d5a00000)
 ParOldGen       total 643072K, used 642668K [0x0000000080000000, 0x00000000a7400000, 0x00000000d5580000)
  object space 643072K, 99% used [0x0000000080000000,0x00000000a739b280,0x00000000a7400000)
 Metaspace       used 68648K, committed 70208K, reserved 1114112K
  class space    used 7154K, committed 7808K, reserved 1048576K
}
Event: 57.599 GC heap after
{Heap after GC invocations=674 (full 3):
 PSYoungGen      total 3584K, used 496K [0x00000000d5580000, 0x00000000d5a80000, 0x0000000100000000)
  eden space 3072K, 0% used [0x00000000d5580000,0x00000000d5580000,0x00000000d5880000)
  from space 512K, 96% used [0x00000000d5980000,0x00000000d59fc010,0x00000000d5a00000)
  to   space 512K, 0% used [0x00000000d5a00000,0x00000000d5a00000,0x00000000d5a80000)
 ParOldGen       total 643072K, used 642740K [0x0000000080000000, 0x00000000a7400000, 0x00000000d5580000)
  object space 643072K, 99% used [0x0000000080000000,0x00000000a73ad280,0x00000000a7400000)
 Metaspace       used 68648K, committed 70208K, reserved 1114112K
  class space    used 7154K, committed 7808K, reserved 1048576K
}
Event: 57.651 GC heap before
{Heap before GC invocations=675 (full 3):
 PSYoungGen      total 3584K, used 3568K [0x00000000d5580000, 0x00000000d5a80000, 0x0000000100000000)
  eden space 3072K, 100% used [0x00000000d5580000,0x00000000d5880000,0x00000000d5880000)
  from space 512K, 96% used [0x00000000d5980000,0x00000000d59fc010,0x00000000d5a00000)
  to   space 512K, 0% used [0x00000000d5a00000,0x00000000d5a00000,0x00000000d5a80000)
 ParOldGen       total 643072K, used 642740K [0x0000000080000000, 0x00000000a7400000, 0x00000000d5580000)
  object space 643072K, 99% used [0x0000000080000000,0x00000000a73ad280,0x00000000a7400000)
 Metaspace       used 68757K, committed 70336K, reserved 1114112K
  class space    used 7156K, committed 7808K, reserved 1048576K
}
Event: 57.653 GC heap after
{Heap after GC invocations=675 (full 3):
 PSYoungGen      total 3584K, used 416K [0x00000000d5580000, 0x00000000d5a80000, 0x0000000100000000)
  eden space 3072K, 0% used [0x00000000d5580000,0x00000000d5580000,0x00000000d5880000)
  from space 512K, 81% used [0x00000000d5a00000,0x00000000d5a68000,0x00000000d5a80000)
  to   space 512K, 0% used [0x00000000d5980000,0x00000000d5980000,0x00000000d5a00000)
 ParOldGen       total 643072K, used 642836K [0x0000000080000000, 0x00000000a7400000, 0x00000000d5580000)
  object space 643072K, 99% used [0x0000000080000000,0x00000000a73c5280,0x00000000a7400000)
 Metaspace       used 68757K, committed 70336K, reserved 1114112K
  class space    used 7156K, committed 7808K, reserved 1048576K
}
Event: 57.675 GC heap before
{Heap before GC invocations=676 (full 3):
 PSYoungGen      total 3584K, used 3488K [0x00000000d5580000, 0x00000000d5a80000, 0x0000000100000000)
  eden space 3072K, 100% used [0x00000000d5580000,0x00000000d5880000,0x00000000d5880000)
  from space 512K, 81% used [0x00000000d5a00000,0x00000000d5a68000,0x00000000d5a80000)
  to   space 512K, 0% used [0x00000000d5980000,0x00000000d5980000,0x00000000d5a00000)
 ParOldGen       total 643072K, used 642836K [0x0000000080000000, 0x00000000a7400000, 0x00000000d5580000)
  object space 643072K, 99% used [0x0000000080000000,0x00000000a73c5280,0x00000000a7400000)
 Metaspace       used 68814K, committed 70336K, reserved 1114112K
  class space    used 7156K, committed 7808K, reserved 1048576K
}
Event: 57.676 GC heap after
{Heap after GC invocations=676 (full 3):
 PSYoungGen      total 3584K, used 416K [0x00000000d5580000, 0x00000000d5a80000, 0x0000000100000000)
  eden space 3072K, 0% used [0x00000000d5580000,0x00000000d5580000,0x00000000d5880000)
  from space 512K, 81% used [0x00000000d5980000,0x00000000d59e8000,0x00000000d5a00000)
  to   space 512K, 0% used [0x00000000d5a00000,0x00000000d5a00000,0x00000000d5a80000)
 ParOldGen       total 643072K, used 642998K [0x0000000080000000, 0x00000000a7400000, 0x00000000d5580000)
  object space 643072K, 99% used [0x0000000080000000,0x00000000a73edba8,0x00000000a7400000)
 Metaspace       used 68814K, committed 70336K, reserved 1114112K
  class space    used 7156K, committed 7808K, reserved 1048576K
}
Event: 58.348 GC heap before
{Heap before GC invocations=677 (full 3):
 PSYoungGen      total 3584K, used 3488K [0x00000000d5580000, 0x00000000d5a80000, 0x0000000100000000)
  eden space 3072K, 100% used [0x00000000d5580000,0x00000000d5880000,0x00000000d5880000)
  from space 512K, 81% used [0x00000000d5980000,0x00000000d59e8000,0x00000000d5a00000)
  to   space 512K, 0% used [0x00000000d5a00000,0x00000000d5a00000,0x00000000d5a80000)
 ParOldGen       total 643072K, used 642998K [0x0000000080000000, 0x00000000a7400000, 0x00000000d5580000)
  object space 643072K, 99% used [0x0000000080000000,0x00000000a73edba8,0x00000000a7400000)
 Metaspace       used 68945K, committed 70528K, reserved 1114112K
  class space    used 7156K, committed 7808K, reserved 1048576K
}
Event: 58.350 GC heap after
{Heap after GC invocations=677 (full 3):
 PSYoungGen      total 3584K, used 480K [0x00000000d5580000, 0x00000000d5a80000, 0x0000000100000000)
  eden space 3072K, 0% used [0x00000000d5580000,0x00000000d5580000,0x00000000d5880000)
  from space 512K, 93% used [0x00000000d5a00000,0x00000000d5a78000,0x00000000d5a80000)
  to   space 512K, 0% used [0x00000000d5980000,0x00000000d5980000,0x00000000d5a00000)
 ParOldGen       total 643072K, used 643070K [0x0000000080000000, 0x00000000a7400000, 0x00000000d5580000)
  object space 643072K, 99% used [0x0000000080000000,0x00000000a73ffba8,0x00000000a7400000)
 Metaspace       used 68945K, committed 70528K, reserved 1114112K
  class space    used 7156K, committed 7808K, reserved 1048576K
}
Event: 58.401 GC heap before
{Heap before GC invocations=678 (full 3):
 PSYoungGen      total 3584K, used 3551K [0x00000000d5580000, 0x00000000d5a80000, 0x0000000100000000)
  eden space 3072K, 99% used [0x00000000d5580000,0x00000000d587fc70,0x00000000d5880000)
  from space 512K, 93% used [0x00000000d5a00000,0x00000000d5a78000,0x00000000d5a80000)
  to   space 512K, 0% used [0x00000000d5980000,0x00000000d5980000,0x00000000d5a00000)
 ParOldGen       total 643072K, used 643070K [0x0000000080000000, 0x00000000a7400000, 0x00000000d5580000)
  object space 643072K, 99% used [0x0000000080000000,0x00000000a73ffba8,0x00000000a7400000)
 Metaspace       used 69016K, committed 70592K, reserved 1114112K
  class space    used 7156K, committed 7808K, reserved 1048576K
}
Event: 58.403 GC heap after
{Heap after GC invocations=678 (full 3):
 PSYoungGen      total 3584K, used 320K [0x00000000d5580000, 0x00000000d5a80000, 0x0000000100000000)
  eden space 3072K, 0% used [0x00000000d5580000,0x00000000d5580000,0x00000000d5880000)
  from space 512K, 62% used [0x00000000d5980000,0x00000000d59d0000,0x00000000d5a00000)
  to   space 512K, 0% used [0x00000000d5a00000,0x00000000d5a00000,0x00000000d5a80000)
 ParOldGen       total 643584K, used 643158K [0x0000000080000000, 0x00000000a7480000, 0x00000000d5580000)
  object space 643584K, 99% used [0x0000000080000000,0x00000000a7415ba8,0x00000000a7480000)
 Metaspace       used 69016K, committed 70592K, reserved 1114112K
  class space    used 7156K, committed 7808K, reserved 1048576K
}
Event: 58.431 GC heap before
{Heap before GC invocations=679 (full 3):
 PSYoungGen      total 3584K, used 3392K [0x00000000d5580000, 0x00000000d5a80000, 0x0000000100000000)
  eden space 3072K, 100% used [0x00000000d5580000,0x00000000d5880000,0x00000000d5880000)
  from space 512K, 62% used [0x00000000d5980000,0x00000000d59d0000,0x00000000d5a00000)
  to   space 512K, 0% used [0x00000000d5a00000,0x00000000d5a00000,0x00000000d5a80000)
 ParOldGen       total 643584K, used 643158K [0x0000000080000000, 0x00000000a7480000, 0x00000000d5580000)
  object space 643584K, 99% used [0x0000000080000000,0x00000000a7415ba8,0x00000000a7480000)
 Metaspace       used 69020K, committed 70592K, reserved 1114112K
  class space    used 7156K, committed 7808K, reserved 1048576K
}
Event: 58.433 GC heap after
{Heap after GC invocations=679 (full 3):
 PSYoungGen      total 3584K, used 320K [0x00000000d5580000, 0x00000000d5a80000, 0x0000000100000000)
  eden space 3072K, 0% used [0x00000000d5580000,0x00000000d5580000,0x00000000d5880000)
  from space 512K, 62% used [0x00000000d5a00000,0x00000000d5a50000,0x00000000d5a80000)
  to   space 512K, 0% used [0x00000000d5980000,0x00000000d5980000,0x00000000d5a00000)
 ParOldGen       total 643584K, used 643324K [0x0000000080000000, 0x00000000a7480000, 0x00000000d5580000)
  object space 643584K, 99% used [0x0000000080000000,0x00000000a743f250,0x00000000a7480000)
 Metaspace       used 69020K, committed 70592K, reserved 1114112K
  class space    used 7156K, committed 7808K, reserved 1048576K
}
Event: 811.599 GC heap before
{Heap before GC invocations=680 (full 3):
 PSYoungGen      total 3584K, used 3391K [0x00000000d5580000, 0x00000000d5a80000, 0x0000000100000000)
  eden space 3072K, 99% used [0x00000000d5580000,0x00000000d587fcd0,0x00000000d5880000)
  from space 512K, 62% used [0x00000000d5a00000,0x00000000d5a50000,0x00000000d5a80000)
  to   space 512K, 0% used [0x00000000d5980000,0x00000000d5980000,0x00000000d5a00000)
 ParOldGen       total 643584K, used 643324K [0x0000000080000000, 0x00000000a7480000, 0x00000000d5580000)
  object space 643584K, 99% used [0x0000000080000000,0x00000000a743f250,0x00000000a7480000)
 Metaspace       used 69191K, committed 70784K, reserved 1114112K
  class space    used 7177K, committed 7872K, reserved 1048576K
}
Event: 811.601 GC heap after
{Heap after GC invocations=680 (full 3):
 PSYoungGen      total 3584K, used 416K [0x00000000d5580000, 0x00000000d5a80000, 0x0000000100000000)
  eden space 3072K, 0% used [0x00000000d5580000,0x00000000d5580000,0x00000000d5880000)
  from space 512K, 81% used [0x00000000d5980000,0x00000000d59e8000,0x00000000d5a00000)
  to   space 512K, 0% used [0x00000000d5a00000,0x00000000d5a00000,0x00000000d5a80000)
 ParOldGen       total 643584K, used 643372K [0x0000000080000000, 0x00000000a7480000, 0x00000000d5580000)
  object space 643584K, 99% used [0x0000000080000000,0x00000000a744b250,0x00000000a7480000)
 Metaspace       used 69191K, committed 70784K, reserved 1114112K
  class space    used 7177K, committed 7872K, reserved 1048576K
}

Dll operation events (11 events):
Event: 0.011 Loaded shared library c:\Users\jamed\.vscode\extensions\redhat.java-1.44.0-win32-x64\jre\21.0.8-win32-x86_64\bin\java.dll
Event: 0.093 Loaded shared library c:\Users\jamed\.vscode\extensions\redhat.java-1.44.0-win32-x64\jre\21.0.8-win32-x86_64\bin\zip.dll
Event: 0.124 Loaded shared library C:\Users\jamed\.vscode\extensions\redhat.java-1.44.0-win32-x64\jre\21.0.8-win32-x86_64\bin\instrument.dll
Event: 0.132 Loaded shared library C:\Users\jamed\.vscode\extensions\redhat.java-1.44.0-win32-x64\jre\21.0.8-win32-x86_64\bin\net.dll
Event: 0.135 Loaded shared library C:\Users\jamed\.vscode\extensions\redhat.java-1.44.0-win32-x64\jre\21.0.8-win32-x86_64\bin\nio.dll
Event: 0.141 Loaded shared library C:\Users\jamed\.vscode\extensions\redhat.java-1.44.0-win32-x64\jre\21.0.8-win32-x86_64\bin\zip.dll
Event: 0.168 Loaded shared library C:\Users\jamed\.vscode\extensions\redhat.java-1.44.0-win32-x64\jre\21.0.8-win32-x86_64\bin\jimage.dll
Event: 0.277 Loaded shared library c:\Users\jamed\.vscode\extensions\redhat.java-1.44.0-win32-x64\jre\21.0.8-win32-x86_64\bin\verify.dll
Event: 7.624 Loaded shared library C:\Users\jamed\AppData\Roaming\Code\User\globalStorage\redhat.java\1.44.0\config_win\org.eclipse.equinox.launcher\org.eclipse.equinox.launcher.win32.win32.x86_64_1.2.1400.v20250730-1736\eclipse_11913.dll
Event: 18.289 Loaded shared library C:\Users\jamed\AppData\Local\Temp\jna-100890933\jna7590483400337535464.dll
Event: 32.224 Loaded shared library C:\Users\jamed\.vscode\extensions\redhat.java-1.44.0-win32-x64\jre\21.0.8-win32-x86_64\bin\sunmscapi.dll

Deoptimization events (20 events):
Event: 811.613 Thread 0x000001b3043f1270 DEOPT PACKING pc=0x000001b32c120dc0 sp=0x000000212fafd540
Event: 811.613 Thread 0x000001b3043f1270 DEOPT UNPACKING pc=0x000001b32b873aa2 sp=0x000000212fafd4c8 mode 2
Event: 811.618 Thread 0x000001b3043f1270 DEOPT PACKING pc=0x000001b326000406 sp=0x000000212fafe8f0
Event: 811.618 Thread 0x000001b3043f1270 DEOPT UNPACKING pc=0x000001b32b874242 sp=0x000000212fafde48 mode 0
Event: 811.626 Thread 0x000001b3043f1270 Uncommon trap: trap_request=0xffffff45 fr.pc=0x000001b32c121c64 relative=0x00000000000005e4
Event: 811.626 Thread 0x000001b3043f1270 Uncommon trap: reason=unstable_if action=reinterpret pc=0x000001b32c121c64 method=java.io.InputStream.read([BII)I @ 52 c2
Event: 811.626 Thread 0x000001b3043f1270 DEOPT PACKING pc=0x000001b32c121c64 sp=0x000000212fafee50
Event: 811.626 Thread 0x000001b3043f1270 DEOPT UNPACKING pc=0x000001b32b873aa2 sp=0x000000212fafedd0 mode 2
Event: 811.626 Thread 0x000001b3043f1270 Uncommon trap: trap_request=0xffffffc6 fr.pc=0x000001b32c9490dc relative=0x000000000000259c
Event: 811.626 Thread 0x000001b3043f1270 Uncommon trap: reason=bimorphic_or_optimized_type_check action=maybe_recompile pc=0x000001b32c9490dc method=java.util.Properties.load0(Ljava/util/Properties$LineReader;)V @ 241 c2
Event: 811.626 Thread 0x000001b3043f1270 DEOPT PACKING pc=0x000001b32c9490dc sp=0x000000212fafef70
Event: 811.626 Thread 0x000001b3043f1270 DEOPT UNPACKING pc=0x000001b32b873aa2 sp=0x000000212fafef50 mode 2
Event: 811.627 Thread 0x000001b3043f1270 Uncommon trap: trap_request=0xffffffc6 fr.pc=0x000001b32c90cf20 relative=0x00000000000026e0
Event: 811.627 Thread 0x000001b3043f1270 Uncommon trap: reason=bimorphic_or_optimized_type_check action=maybe_recompile pc=0x000001b32c90cf20 method=java.util.Properties.load0(Ljava/util/Properties$LineReader;)V @ 241 c2
Event: 811.627 Thread 0x000001b3043f1270 DEOPT PACKING pc=0x000001b32c90cf20 sp=0x000000212fafef70
Event: 811.627 Thread 0x000001b3043f1270 DEOPT UNPACKING pc=0x000001b32b873aa2 sp=0x000000212fafef50 mode 2
Event: 811.631 Thread 0x000001b3043ef830 Uncommon trap: trap_request=0xffffff45 fr.pc=0x000001b32c8e1f64 relative=0x0000000000000464
Event: 811.631 Thread 0x000001b3043ef830 Uncommon trap: reason=unstable_if action=reinterpret pc=0x000001b32c8e1f64 method=java.util.HashMap.putVal(ILjava/lang/Object;Ljava/lang/Object;ZZ)Ljava/lang/Object; @ 236 c2
Event: 811.631 Thread 0x000001b3043ef830 DEOPT PACKING pc=0x000001b32c8e1f64 sp=0x000000212f1fe2b0
Event: 811.631 Thread 0x000001b3043ef830 DEOPT UNPACKING pc=0x000001b32b873aa2 sp=0x000000212f1fe218 mode 2

Classes loaded (20 events):
Event: 37.002 Loading class javax/xml/transform/TransformerConfigurationException
Event: 37.002 Loading class javax/xml/transform/TransformerConfigurationException done
Event: 37.339 Loading class jdk/internal/ref/CleanerImpl$InnocuousThreadFactory
Event: 37.339 Loading class jdk/internal/ref/CleanerImpl$InnocuousThreadFactory done
Event: 811.584 Loading class java/util/stream/Nodes$CollectorTask$OfRef
Event: 811.585 Loading class java/util/stream/Nodes$CollectorTask
Event: 811.585 Loading class java/util/stream/Nodes$CollectorTask done
Event: 811.585 Loading class java/util/stream/Nodes$CollectorTask$OfRef done
Event: 811.585 Loading class java/util/function/LongFunction
Event: 811.586 Loading class java/util/function/LongFunction done
Event: 811.586 Loading class java/util/stream/Nodes$ConcNode
Event: 811.587 Loading class java/util/stream/Nodes$AbstractConcNode
Event: 811.587 Loading class java/util/stream/Nodes$AbstractConcNode done
Event: 811.587 Loading class java/util/stream/Nodes$ConcNode done
Event: 811.596 Loading class java/io/ObjectOutputStream$BlockDataOutputStream
Event: 811.596 Loading class java/io/ObjectOutputStream$BlockDataOutputStream done
Event: 811.596 Loading class java/io/ObjectOutputStream$HandleTable
Event: 811.596 Loading class java/io/ObjectOutputStream$HandleTable done
Event: 811.596 Loading class java/io/ObjectOutputStream$ReplaceTable
Event: 811.597 Loading class java/io/ObjectOutputStream$ReplaceTable done

Classes unloaded (7 events):
Event: 18.800 Thread 0x000001b32127f850 Unloading class 0x000001b3391ab000 'java/lang/invoke/LambdaForm$MH+0x000001b3391ab000'
Event: 18.800 Thread 0x000001b32127f850 Unloading class 0x000001b3391aac00 'java/lang/invoke/LambdaForm$MH+0x000001b3391aac00'
Event: 18.800 Thread 0x000001b32127f850 Unloading class 0x000001b3391aa800 'java/lang/invoke/LambdaForm$MH+0x000001b3391aa800'
Event: 18.800 Thread 0x000001b32127f850 Unloading class 0x000001b3391aa400 'java/lang/invoke/LambdaForm$MH+0x000001b3391aa400'
Event: 18.800 Thread 0x000001b32127f850 Unloading class 0x000001b3391aa000 'java/lang/invoke/LambdaForm$BMH+0x000001b3391aa000'
Event: 18.800 Thread 0x000001b32127f850 Unloading class 0x000001b3391a9c00 'java/lang/invoke/LambdaForm$DMH+0x000001b3391a9c00'
Event: 18.800 Thread 0x000001b32127f850 Unloading class 0x000001b3391a8800 'java/lang/invoke/LambdaForm$DMH+0x000001b3391a8800'

Classes redefined (0 events):
No events

Internal exceptions (20 events):
Event: 32.132 Thread 0x000001b3043ef830 Exception <a 'sun/nio/fs/WindowsException'{0x00000000d5879038}> (0x00000000d5879038) 
thrown [s\src\hotspot\share\prims\jni.cpp, line 520]
Event: 32.179 Thread 0x000001b304e61e10 Exception <a 'java/lang/NoSuchMethodError'{0x00000000d55f56d8}: 'java.lang.Object java.lang.invoke.DirectMethodHandle$Holder.invokeStaticInit(java.lang.Object, java.lang.Object, java.lang.Object)'> (0x00000000d55f56d8) 
thrown [s\src\hotspot\share\interpreter\linkResolver.cpp, line 773]
Event: 32.253 Thread 0x000001b304e624a0 Exception <a 'sun/nio/fs/WindowsException'{0x00000000d572fce8}> (0x00000000d572fce8) 
thrown [s\src\hotspot\share\prims\jni.cpp, line 520]
Event: 36.724 Thread 0x000001b3043ed0d0 Exception <a 'sun/nio/fs/WindowsException'{0x00000000d55856d8}> (0x00000000d55856d8) 
thrown [s\src\hotspot\share\prims\jni.cpp, line 520]
Event: 36.737 Thread 0x000001b3043ed0d0 Implicit null exception at 0x000001b32c833dd2 to 0x000001b32c835c04
Event: 36.806 Thread 0x000001b3043ed0d0 Exception <a 'sun/nio/fs/WindowsException'{0x00000000d55b92f0}> (0x00000000d55b92f0) 
thrown [s\src\hotspot\share\prims\jni.cpp, line 520]
Event: 36.823 Thread 0x000001b3043ed0d0 Exception <a 'sun/nio/fs/WindowsException'{0x00000000d560c400}> (0x00000000d560c400) 
thrown [s\src\hotspot\share\prims\jni.cpp, line 520]
Event: 36.957 Thread 0x000001b3111e6500 Exception <a 'java/lang/IncompatibleClassChangeError'{0x00000000d572ca60}: Found class java.lang.Object, but interface was expected> (0x00000000d572ca60) 
thrown [s\src\hotspot\share\interpreter\linkResolver.cpp, line 840]
Event: 36.966 Thread 0x000001b304e63ee0 Exception <a 'sun/nio/fs/WindowsException'{0x00000000d5618780}> (0x00000000d5618780) 
thrown [s\src\hotspot\share\prims\jni.cpp, line 520]
Event: 36.966 Thread 0x000001b304e63ee0 Exception <a 'sun/nio/fs/WindowsException'{0x00000000d56233e8}> (0x00000000d56233e8) 
thrown [s\src\hotspot\share\prims\jni.cpp, line 520]
Event: 36.966 Thread 0x000001b304e63ee0 Exception <a 'sun/nio/fs/WindowsException'{0x00000000d562aa90}> (0x00000000d562aa90) 
thrown [s\src\hotspot\share\prims\jni.cpp, line 520]
Event: 36.967 Thread 0x000001b304e63ee0 Exception <a 'sun/nio/fs/WindowsException'{0x00000000d562b690}> (0x00000000d562b690) 
thrown [s\src\hotspot\share\prims\jni.cpp, line 520]
Event: 36.968 Thread 0x000001b304e63ee0 Exception <a 'sun/nio/fs/WindowsException'{0x00000000d562f188}> (0x00000000d562f188) 
thrown [s\src\hotspot\share\prims\jni.cpp, line 520]
Event: 36.968 Thread 0x000001b304e63ee0 Exception <a 'sun/nio/fs/WindowsException'{0x00000000d562fdc0}> (0x00000000d562fdc0) 
thrown [s\src\hotspot\share\prims\jni.cpp, line 520]
Event: 37.573 Thread 0x000001b3063c3e00 Exception <a 'java/lang/NoSuchMethodError'{0x00000000d55a44b8}: 'void java.lang.invoke.DirectMethodHandle$Holder.invokeSpecial(java.lang.Object, java.lang.Object, int)'> (0x00000000d55a44b8) 
thrown [s\src\hotspot\share\interpreter\linkResolver.cpp, line 773]
Event: 37.662 Thread 0x000001b3063c3e00 Exception <a 'java/lang/NoSuchMethodError'{0x00000000d5718dc0}: 'int java.lang.invoke.DirectMethodHandle$Holder.invokeVirtual(java.lang.Object, java.lang.Object, java.lang.Object, int)'> (0x00000000d5718dc0) 
thrown [s\src\hotspot\share\interpreter\linkResolver.cpp, line 773]
Event: 43.598 Thread 0x000001b3111e6500 Exception <a 'java/lang/IncompatibleClassChangeError'{0x00000000d55c6768}: Found class java.lang.Object, but interface was expected> (0x00000000d55c6768) 
thrown [s\src\hotspot\share\interpreter\linkResolver.cpp, line 840]
Event: 43.619 Thread 0x000001b3063c3e00 Exception <a 'java/lang/NoSuchMethodError'{0x00000000d56219b8}: 'java.lang.Object java.lang.invoke.DirectMethodHandle$Holder.invokeSpecial(java.lang.Object, java.lang.Object, java.lang.Object, java.lang.Object, int, java.lang.Object, java.lang.Object)'> (0x00000000d56219b8) 
thrown [s\src\hotspot\share\interpreter\linkResolver.cpp, line 773]
Event: 811.610 Thread 0x000001b3043f1270 Implicit null exception at 0x000001b32c74cf18 to 0x000001b32c74df18
Event: 811.614 Thread 0x000001b3043f1270 Exception <a 'java/lang/NoSuchMethodError'{0x00000000d55b17e8}: 'java.lang.Object java.lang.invoke.DirectMethodHandle$Holder.newInvokeSpecial(java.lang.Object, java.lang.Object, java.lang.Object, java.lang.Object, java.lang.Object, java.lang.Object, java.lang.Object, java.lang.Object)'> (0x00000000d55b17e8) 
thrown [s\src\hotspot\share\interpreter\linkResolver.cpp, line 773]

ZGC Phase Switch (0 events):
No events

VM Operations (20 events):
Event: 4228.755 Executing VM operation: HandshakeAllThreads (HandshakeForDeflation)
Event: 4228.755 Executing VM operation: HandshakeAllThreads (HandshakeForDeflation) done
Event: 4228.755 Executing VM operation: RendezvousGCThreads
Event: 4228.755 Executing VM operation: RendezvousGCThreads done
Event: 4348.960 Executing VM operation: HandshakeAllThreads (HandshakeForDeflation)
Event: 4348.960 Executing VM operation: HandshakeAllThreads (HandshakeForDeflation) done
Event: 4348.960 Executing VM operation: RendezvousGCThreads
Event: 4348.960 Executing VM operation: RendezvousGCThreads done
Event: 4409.176 Executing VM operation: HandshakeAllThreads (HandshakeForDeflation)
Event: 4409.176 Executing VM operation: HandshakeAllThreads (HandshakeForDeflation) done
Event: 4409.177 Executing VM operation: RendezvousGCThreads
Event: 4409.177 Executing VM operation: RendezvousGCThreads done
Event: 4469.293 Executing VM operation: HandshakeAllThreads (HandshakeForDeflation)
Event: 4469.293 Executing VM operation: HandshakeAllThreads (HandshakeForDeflation) done
Event: 4469.293 Executing VM operation: RendezvousGCThreads
Event: 4469.293 Executing VM operation: RendezvousGCThreads done
Event: 4769.786 Executing VM operation: HandshakeAllThreads (HandshakeForDeflation)
Event: 4769.786 Executing VM operation: HandshakeAllThreads (HandshakeForDeflation) done
Event: 4769.786 Executing VM operation: RendezvousGCThreads
Event: 4769.786 Executing VM operation: RendezvousGCThreads done

Memory protections (0 events):
No events

Nmethod flushes (20 events):
Event: 28.517 Thread 0x000001b32127f850 flushing  nmethod 0x000001b324df3410
Event: 28.517 Thread 0x000001b32127f850 flushing  nmethod 0x000001b324df4310
Event: 28.517 Thread 0x000001b32127f850 flushing  nmethod 0x000001b324df4f90
Event: 28.517 Thread 0x000001b32127f850 flushing  nmethod 0x000001b324dfa390
Event: 28.517 Thread 0x000001b32127f850 flushing  nmethod 0x000001b324dfb510
Event: 28.517 Thread 0x000001b32127f850 flushing  nmethod 0x000001b324dfdb90
Event: 28.517 Thread 0x000001b32127f850 flushing  nmethod 0x000001b324e02410
Event: 28.517 Thread 0x000001b32127f850 flushing  nmethod 0x000001b324e03110
Event: 28.517 Thread 0x000001b32127f850 flushing  nmethod 0x000001b324e2fe90
Event: 28.517 Thread 0x000001b32127f850 flushing  nmethod 0x000001b324e37710
Event: 28.517 Thread 0x000001b32127f850 flushing  nmethod 0x000001b324e3e090
Event: 28.517 Thread 0x000001b32127f850 flushing  nmethod 0x000001b324e4b210
Event: 28.517 Thread 0x000001b32127f850 flushing  nmethod 0x000001b324e4d210
Event: 28.517 Thread 0x000001b32127f850 flushing  nmethod 0x000001b324e92090
Event: 28.517 Thread 0x000001b32127f850 flushing osr nmethod 0x000001b324e94a90
Event: 28.517 Thread 0x000001b32127f850 flushing  nmethod 0x000001b324e9a390
Event: 28.517 Thread 0x000001b32127f850 flushing  nmethod 0x000001b324e9ab90
Event: 28.517 Thread 0x000001b32127f850 flushing  nmethod 0x000001b324e9b990
Event: 28.517 Thread 0x000001b32127f850 flushing  nmethod 0x000001b324e9d610
Event: 28.517 Thread 0x000001b32127f850 flushing  nmethod 0x000001b324e9f510

Events (20 events):
Event: 860.241 Thread 0x000001b3063c02f0 Thread exited: 0x000001b3063c02f0
Event: 860.241 Thread 0x000001b3063c2a50 Thread exited: 0x000001b3063c2a50
Event: 860.297 Thread 0x000001b3063c3770 Thread exited: 0x000001b3063c3770
Event: 860.297 Thread 0x000001b3063bf5d0 Thread exited: 0x000001b3063bf5d0
Event: 860.338 Thread 0x000001b310b86ae0 Thread exited: 0x000001b310b86ae0
Event: 860.371 Thread 0x000001b3063c51b0 Thread exited: 0x000001b3063c51b0
Event: 860.371 Thread 0x000001b3063c6560 Thread exited: 0x000001b3063c6560
Event: 860.454 Thread 0x000001b3069f7690 Thread exited: 0x000001b3069f7690
Event: 860.454 Thread 0x000001b3063c5840 Thread exited: 0x000001b3063c5840
Event: 860.486 Thread 0x000001b3069f7000 Thread exited: 0x000001b3069f7000
Event: 871.746 Thread 0x000001b3043ef830 Thread exited: 0x000001b3043ef830
Event: 892.846 Thread 0x000001b304e61e10 Thread exited: 0x000001b304e61e10
Event: 920.340 Thread 0x000001b310b83660 Thread exited: 0x000001b310b83660
Event: 952.851 Thread 0x000001b304e63ee0 Thread exited: 0x000001b304e63ee0
Event: 980.342 Thread 0x000001b310b84380 Thread exited: 0x000001b310b84380
Event: 1012.853 Thread 0x000001b304e65920 Thread exited: 0x000001b304e65920
Event: 1040.344 Thread 0x000001b310b85dc0 Thread exited: 0x000001b310b85dc0
Event: 1072.867 Thread 0x000001b3063c4490 Thread exited: 0x000001b3063c4490
Event: 1100.355 Thread 0x000001b310b84a10 Thread exited: 0x000001b310b84a10
Event: 1132.877 Thread 0x000001b304e65290 Thread exited: 0x000001b304e65290


Dynamic libraries:
0x00007ff73b200000 - 0x00007ff73b20e000 	c:\Users\jamed\.vscode\extensions\redhat.java-1.44.0-win32-x64\jre\21.0.8-win32-x86_64\bin\java.exe
0x00007ffd961c0000 - 0x00007ffd96427000 	C:\WINDOWS\SYSTEM32\ntdll.dll
0x00007ffd95bb0000 - 0x00007ffd95c79000 	C:\WINDOWS\System32\KERNEL32.DLL
0x00007ffd93470000 - 0x00007ffd93860000 	C:\WINDOWS\System32\KERNELBASE.dll
0x00007ffd939f0000 - 0x00007ffd93b3b000 	C:\WINDOWS\System32\ucrtbase.dll
0x00007ffd7ea40000 - 0x00007ffd7ea5e000 	c:\Users\jamed\.vscode\extensions\redhat.java-1.44.0-win32-x64\jre\21.0.8-win32-x86_64\bin\VCRUNTIME140.dll
0x00007ffd76f30000 - 0x00007ffd76f48000 	c:\Users\jamed\.vscode\extensions\redhat.java-1.44.0-win32-x64\jre\21.0.8-win32-x86_64\bin\jli.dll
0x00007ffd94b80000 - 0x00007ffd94d45000 	C:\WINDOWS\System32\USER32.dll
0x00007ffd93b40000 - 0x00007ffd93b67000 	C:\WINDOWS\System32\win32u.dll
0x00007ffd7db30000 - 0x00007ffd7ddca000 	C:\WINDOWS\WinSxS\amd64_microsoft.windows.common-controls_6595b64144ccf1df_6.0.26100.4768_none_3e0c112ce331287c\COMCTL32.dll
0x00007ffd94ec0000 - 0x00007ffd94eeb000 	C:\WINDOWS\System32\GDI32.dll
0x00007ffd94260000 - 0x00007ffd94309000 	C:\WINDOWS\System32\msvcrt.dll
0x00007ffd93ce0000 - 0x00007ffd93e18000 	C:\WINDOWS\System32\gdi32full.dll
0x00007ffd93b70000 - 0x00007ffd93c13000 	C:\WINDOWS\System32\msvcp_win.dll
0x00007ffd94e80000 - 0x00007ffd94eaf000 	C:\WINDOWS\System32\IMM32.DLL
0x00007ffd8fbe0000 - 0x00007ffd8fbec000 	c:\Users\jamed\.vscode\extensions\redhat.java-1.44.0-win32-x64\jre\21.0.8-win32-x86_64\bin\vcruntime140_1.dll
0x00007ffd56b10000 - 0x00007ffd56b9d000 	c:\Users\jamed\.vscode\extensions\redhat.java-1.44.0-win32-x64\jre\21.0.8-win32-x86_64\bin\msvcp140.dll
0x00007ffd0cbc0000 - 0x00007ffd0d957000 	c:\Users\jamed\.vscode\extensions\redhat.java-1.44.0-win32-x64\jre\21.0.8-win32-x86_64\bin\server\jvm.dll
0x00007ffd93f50000 - 0x00007ffd94004000 	C:\WINDOWS\System32\ADVAPI32.dll
0x00007ffd94dd0000 - 0x00007ffd94e76000 	C:\WINDOWS\System32\sechost.dll
0x00007ffd94a60000 - 0x00007ffd94b78000 	C:\WINDOWS\System32\RPCRT4.dll
0x00007ffd94d50000 - 0x00007ffd94dc4000 	C:\WINDOWS\System32\WS2_32.dll
0x00007ffd90c80000 - 0x00007ffd90cb5000 	C:\WINDOWS\SYSTEM32\WINMM.dll
0x00007ffd93150000 - 0x00007ffd931ae000 	C:\WINDOWS\SYSTEM32\POWRPROF.dll
0x00007ffd8c290000 - 0x00007ffd8c29b000 	C:\WINDOWS\SYSTEM32\VERSION.dll
0x00007ffd93130000 - 0x00007ffd93144000 	C:\WINDOWS\SYSTEM32\UMPDC.dll
0x00007ffd91fd0000 - 0x00007ffd91feb000 	C:\WINDOWS\SYSTEM32\kernel.appcore.dll
0x00007ffd8dba0000 - 0x00007ffd8dbaa000 	c:\Users\jamed\.vscode\extensions\redhat.java-1.44.0-win32-x64\jre\21.0.8-win32-x86_64\bin\jimage.dll
0x00007ffd90a30000 - 0x00007ffd90c71000 	C:\WINDOWS\SYSTEM32\DBGHELP.DLL
0x00007ffd95090000 - 0x00007ffd95415000 	C:\WINDOWS\System32\combase.dll
0x00007ffd95870000 - 0x00007ffd95950000 	C:\WINDOWS\System32\OLEAUT32.dll
0x00007ffd909e0000 - 0x00007ffd90a23000 	C:\WINDOWS\SYSTEM32\dbgcore.DLL
0x00007ffd93e20000 - 0x00007ffd93eb9000 	C:\WINDOWS\System32\bcryptPrimitives.dll
0x00007ffd8db20000 - 0x00007ffd8db2f000 	c:\Users\jamed\.vscode\extensions\redhat.java-1.44.0-win32-x64\jre\21.0.8-win32-x86_64\bin\instrument.dll
0x00007ffd73b20000 - 0x00007ffd73b3f000 	c:\Users\jamed\.vscode\extensions\redhat.java-1.44.0-win32-x64\jre\21.0.8-win32-x86_64\bin\java.dll
0x00007ffd94310000 - 0x00007ffd94a5d000 	C:\WINDOWS\System32\SHELL32.dll
0x00007ffd932f0000 - 0x00007ffd93463000 	C:\WINDOWS\System32\wintypes.dll
0x00007ffd90ef0000 - 0x00007ffd91750000 	C:\WINDOWS\SYSTEM32\windows.storage.dll
0x00007ffd959b0000 - 0x00007ffd95aa5000 	C:\WINDOWS\System32\SHCORE.dll
0x00007ffd96110000 - 0x00007ffd9617a000 	C:\WINDOWS\System32\shlwapi.dll
0x00007ffd93210000 - 0x00007ffd93239000 	C:\WINDOWS\SYSTEM32\profapi.dll
0x00007ffd73ad0000 - 0x00007ffd73ae8000 	c:\Users\jamed\.vscode\extensions\redhat.java-1.44.0-win32-x64\jre\21.0.8-win32-x86_64\bin\zip.dll
0x00007ffd7f7f0000 - 0x00007ffd7f800000 	C:\Users\jamed\.vscode\extensions\redhat.java-1.44.0-win32-x64\jre\21.0.8-win32-x86_64\bin\net.dll
0x00007ffd8b770000 - 0x00007ffd8b88e000 	C:\WINDOWS\SYSTEM32\WINHTTP.dll
0x00007ffd92600000 - 0x00007ffd9266b000 	C:\WINDOWS\system32\mswsock.dll
0x00007ffd73870000 - 0x00007ffd73886000 	C:\Users\jamed\.vscode\extensions\redhat.java-1.44.0-win32-x64\jre\21.0.8-win32-x86_64\bin\nio.dll
0x00007ffd78350000 - 0x00007ffd78360000 	c:\Users\jamed\.vscode\extensions\redhat.java-1.44.0-win32-x64\jre\21.0.8-win32-x86_64\bin\verify.dll
0x00007ffd447a0000 - 0x00007ffd447e5000 	C:\Users\jamed\AppData\Roaming\Code\User\globalStorage\redhat.java\1.44.0\config_win\org.eclipse.equinox.launcher\org.eclipse.equinox.launcher.win32.win32.x86_64_1.2.1400.v20250730-1736\eclipse_11913.dll
0x00007ffd956b0000 - 0x00007ffd95850000 	C:\WINDOWS\System32\ole32.dll
0x00007ffd928d0000 - 0x00007ffd928eb000 	C:\WINDOWS\SYSTEM32\CRYPTSP.dll
0x00007ffd91ff0000 - 0x00007ffd9202b000 	C:\WINDOWS\system32\rsaenh.dll
0x00007ffd926a0000 - 0x00007ffd926cb000 	C:\WINDOWS\SYSTEM32\USERENV.dll
0x00007ffd931e0000 - 0x00007ffd93206000 	C:\WINDOWS\SYSTEM32\bcrypt.dll
0x00007ffd928c0000 - 0x00007ffd928cc000 	C:\WINDOWS\SYSTEM32\CRYPTBASE.dll
0x00007ffd91a60000 - 0x00007ffd91a93000 	C:\WINDOWS\SYSTEM32\IPHLPAPI.DLL
0x00007ffd94140000 - 0x00007ffd9414a000 	C:\WINDOWS\System32\NSI.dll
0x00007ffd40dd0000 - 0x00007ffd40e19000 	C:\Users\jamed\AppData\Local\Temp\jna-100890933\jna7590483400337535464.dll
0x00007ffd95860000 - 0x00007ffd95868000 	C:\WINDOWS\System32\PSAPI.DLL
0x00007ffd8c460000 - 0x00007ffd8c47f000 	C:\WINDOWS\SYSTEM32\dhcpcsvc6.DLL
0x00007ffd8bae0000 - 0x00007ffd8bb05000 	C:\WINDOWS\SYSTEM32\dhcpcsvc.DLL
0x00007ffd77230000 - 0x00007ffd7723e000 	C:\Users\jamed\.vscode\extensions\redhat.java-1.44.0-win32-x64\jre\21.0.8-win32-x86_64\bin\sunmscapi.dll
0x00007ffd93870000 - 0x00007ffd939e7000 	C:\WINDOWS\System32\CRYPT32.dll
0x00007ffd92ae0000 - 0x00007ffd92b10000 	C:\WINDOWS\SYSTEM32\ncrypt.dll
0x00007ffd92a90000 - 0x00007ffd92acf000 	C:\WINDOWS\SYSTEM32\NTASN1.dll

JVMTI agents:
c:\Users\jamed\.vscode\extensions\redhat.java-1.44.0-win32-x64\lombok\lombok-1.18.39-4050.jar path:c:\Users\jamed\.vscode\extensions\redhat.java-1.44.0-win32-x64\jre\21.0.8-win32-x86_64\bin\instrument.dll, loaded, initialized, instrumentlib options:none

dbghelp: loaded successfully - version: 4.0.5 - missing functions: none
symbol engine: initialized successfully - sym options: 0x614 - pdb path: .;c:\Users\jamed\.vscode\extensions\redhat.java-1.44.0-win32-x64\jre\21.0.8-win32-x86_64\bin;C:\WINDOWS\SYSTEM32;C:\WINDOWS\WinSxS\amd64_microsoft.windows.common-controls_6595b64144ccf1df_6.0.26100.4768_none_3e0c112ce331287c;c:\Users\jamed\.vscode\extensions\redhat.java-1.44.0-win32-x64\jre\21.0.8-win32-x86_64\bin\server;C:\Users\jamed\AppData\Roaming\Code\User\globalStorage\redhat.java\1.44.0\config_win\org.eclipse.equinox.launcher\org.eclipse.equinox.launcher.win32.win32.x86_64_1.2.1400.v20250730-1736;C:\Users\jamed\AppData\Local\Temp\jna-100890933

VM Arguments:
jvm_args: --add-modules=ALL-SYSTEM --add-opens=java.base/java.util=ALL-UNNAMED --add-opens=java.base/java.lang=ALL-UNNAMED --add-opens=java.base/sun.nio.fs=ALL-UNNAMED -Declipse.application=org.eclipse.jdt.ls.core.id1 -Dosgi.bundles.defaultStartLevel=4 -Declipse.product=org.eclipse.jdt.ls.core.product -Djava.import.generatesMetadataFilesAtProjectRoot=false -DDetectVMInstallationsJob.disabled=true -Dfile.encoding=utf8 -XX:+UseParallelGC -XX:GCTimeRatio=4 -XX:AdaptiveSizePolicyWeight=90 -Dsun.zip.disableMemoryMapping=true -Xmx2G -Xms100m -Xlog:disable -javaagent:c:\Users\jamed\.vscode\extensions\redhat.java-1.44.0-win32-x64\lombok\lombok-1.18.39-4050.jar -XX:+HeapDumpOnOutOfMemoryError -XX:HeapDumpPath=c:\Users\jamed\AppData\Roaming\Code\User\workspaceStorage\694c31b33b156eb004839e56b4467a95\redhat.java -Daether.dependencyCollector.impl=bf 
java_command: c:\Users\jamed\.vscode\extensions\redhat.java-1.44.0-win32-x64\server\plugins\org.eclipse.equinox.launcher_1.7.0.v20250519-0528.jar -configuration c:\Users\jamed\AppData\Roaming\Code\User\globalStorage\redhat.java\1.44.0\config_win -data c:\Users\jamed\AppData\Roaming\Code\User\workspaceStorage\694c31b33b156eb004839e56b4467a95\redhat.java\jdt_ws --pipe=\\.\pipe\lsp-daca1909409bf0e421c3086a9c177ad1-sock
java_class_path (initial): c:\Users\jamed\.vscode\extensions\redhat.java-1.44.0-win32-x64\server\plugins\org.eclipse.equinox.launcher_1.7.0.v20250519-0528.jar
Launcher Type: SUN_STANDARD

[Global flags]
    uintx AdaptiveSizePolicyWeight                 = 90                                        {product} {command line}
     intx CICompilerCount                          = 12                                        {product} {ergonomic}
    uintx GCTimeRatio                              = 4                                         {product} {command line}
     bool HeapDumpOnOutOfMemoryError               = true                                   {manageable} {command line}
    ccstr HeapDumpPath                             = c:\Users\jamed\AppData\Roaming\Code\User\workspaceStorage\694c31b33b156eb004839e56b4467a95\redhat.java         {manageable} {command line}
   size_t InitialHeapSize                          = 104857600                                 {product} {command line}
   size_t MaxHeapSize                              = 2147483648                                {product} {command line}
   size_t MaxNewSize                               = 715653120                                 {product} {ergonomic}
   size_t MinHeapDeltaBytes                        = 524288                                    {product} {ergonomic}
   size_t MinHeapSize                              = 104857600                                 {product} {command line}
   size_t NewSize                                  = 34603008                                  {product} {ergonomic}
    uintx NonNMethodCodeHeapSize                   = 7602480                                {pd product} {ergonomic}
    uintx NonProfiledCodeHeapSize                  = 122027880                              {pd product} {ergonomic}
   size_t OldSize                                  = 70254592                                  {product} {ergonomic}
    uintx ProfiledCodeHeapSize                     = 122027880                              {pd product} {ergonomic}
    uintx ReservedCodeCacheSize                    = 251658240                              {pd product} {ergonomic}
     bool SegmentedCodeCache                       = true                                      {product} {ergonomic}
   size_t SoftMaxHeapSize                          = 2147483648                             {manageable} {ergonomic}
     bool UseCompressedOops                        = true                           {product lp64_product} {ergonomic}
     bool UseLargePagesIndividualAllocation        = false                                  {pd product} {ergonomic}
     bool UseParallelGC                            = true                                      {product} {command line}

Logging:
Log output configuration:
 #0: stdout all=off uptime,level,tags foldmultilines=false
 #1: stderr all=off uptime,level,tags foldmultilines=false

Environment Variables:
JAVA_HOME=C:\Program Files\Eclipse Adoptium\jdk-17.0.8.7-hotspot\
PATH=C:\Program Files\Common Files\Oracle\Java\javapath;C:\Program Files\NVIDIA GPU Computing Toolkit\CUDA\v12.6\bin;C:\Program Files\NVIDIA GPU Computing Toolkit\CUDA\v12.6\libnvvp;C:\Program Files\Eclipse Adoptium\jdk-17.0.8.7-hotspot\bin;C:\Program Files (x86)\Common Files\Oracle\Java\javapath;C:\Windows\system32;C:\Windows;C:\Windows\System32\Wbem;C:\Windows\System32\WindowsPowerShell\v1.0\;C:\Windows\System32\OpenSSH\;C:\Program Files (x86)\NVIDIA Corporation\PhysX\Common;C:\Program Files\NVIDIA Corporation\NVIDIA NvDLISR;C:\WINDOWS\system32;C:\WINDOWS;C:\WINDOWS\System32\Wbem;C:\WINDOWS\System32\WindowsPowerShell\v1.0\;C:\WINDOWS\System32\OpenSSH\;C:\Program Files\Git\cmd;C:\MinGW\bin;C:\Program Files\NVIDIA Corporation\Nsight Compute 2024.3.2\;C:\Program Files\dotnet\;C:\Program Files\Docker\Docker\resources\bin;C:\Users\jamed\.cargo\bin;C:\Users\jamed\AppData\Local\Microsoft\WindowsApps;C:\Program Files\JetBrains\PyCharm Community Edition 2022.3.2\bin;;C:\Users\jamed\AppData\Local\Programs\Microsoft VS Code\bin;C:\Users\jamed\AppData\Local\GitHubDesktop\bin;C:\Users\jamed\miniconda3\Scripts;C:\Users\jamed\.rustup;C:\Program Files\NVIDIA GPU Computing Toolkit\CUDA\v12.6\bin;C:\Program Files\Microsoft Visual Studio\2022\Community\VC\Tools\MSVC\14.41.34120\bin\Hostx86\x64;C:\Program Files\Microsoft Visual Studio\2022\Community\VC\Tools\MSVC\14.41.34120\bin;C:\Program Files (x86)\Nmap;C:\Program Files\JetBrains\IntelliJ IDEA 2025.2\bin
USERNAME=jamed
OS=Windows_NT
PROCESSOR_IDENTIFIER=AMD64 Family 23 Model 96 Stepping 1, AuthenticAMD
TMP=C:\Users\jamed\AppData\Local\Temp
TEMP=C:\Users\jamed\AppData\Local\Temp




Periodic native trim disabled

---------------  S Y S T E M  ---------------

OS:
 Windows 11 , 64 bit Build 26100 (10.0.26100.4768)
OS uptime: 0 days 1:39 hours
Hyper-V role detected

CPU: total 16 (initial active 16) (16 cores per cpu, 2 threads per core) family 23 model 96 stepping 1 microcode 0x8600104, cx8, cmov, fxsr, ht, mmx, 3dnowpref, sse, sse2, sse3, ssse3, sse4a, sse4.1, sse4.2, popcnt, lzcnt, tsc, tscinvbit, avx, avx2, aes, clmul, bmi1, bmi2, adx, sha, fma, vzeroupper, clflush, clflushopt, hv, rdtscp, rdpid, f16c
Processor Information for processor 0
  Max Mhz: 2900, Current Mhz: 2900, Mhz Limit: 2900
Processor Information for processor 1
  Max Mhz: 2900, Current Mhz: 2900, Mhz Limit: 2900
Processor Information for processor 2
  Max Mhz: 2900, Current Mhz: 2900, Mhz Limit: 2900
Processor Information for processor 3
  Max Mhz: 2900, Current Mhz: 2900, Mhz Limit: 2900
Processor Information for processor 4
  Max Mhz: 2900, Current Mhz: 2900, Mhz Limit: 2900
Processor Information for processor 5
  Max Mhz: 2900, Current Mhz: 2900, Mhz Limit: 2900
Processor Information for processor 6
  Max Mhz: 2900, Current Mhz: 2900, Mhz Limit: 2900
Processor Information for processor 7
  Max Mhz: 2900, Current Mhz: 2900, Mhz Limit: 2900
Processor Information for processor 8
  Max Mhz: 2900, Current Mhz: 1400, Mhz Limit: 2900
Processor Information for processor 9
  Max Mhz: 2900, Current Mhz: 1400, Mhz Limit: 2900
Processor Information for processor 10
  Max Mhz: 2900, Current Mhz: 1400, Mhz Limit: 2900
Processor Information for processor 11
  Max Mhz: 2900, Current Mhz: 1400, Mhz Limit: 2900
Processor Information for processor 12
  Max Mhz: 2900, Current Mhz: 1400, Mhz Limit: 2900
Processor Information for processor 13
  Max Mhz: 2900, Current Mhz: 1400, Mhz Limit: 2900
Processor Information for processor 14
  Max Mhz: 2900, Current Mhz: 1400, Mhz Limit: 2900
Processor Information for processor 15
  Max Mhz: 2900, Current Mhz: 1400, Mhz Limit: 2900

Memory: 4k page, system-wide physical 15789M (5190M free)
TotalPageFile size 15789M (AvailPageFile size 86M)
current process WorkingSet (physical memory assigned to process): 185M, peak: 1030M
current process commit charge ("private bytes"): 947M, peak: 995M

vm_info: OpenJDK 64-Bit Server VM (21.0.8+9-LTS) for windows-amd64 JRE (21.0.8+9-LTS), built on 2025-07-15T00:00:00Z by "admin" with MS VC++ 17.7 (VS2022)

END.
