#
# There is insufficient memory for the Java Runtime Environment to continue.
# Native memory allocation (mmap) failed to map 260046848 bytes for G1 virtual space
# Possible reasons:
#   The system is out of physical RAM or swap space
#   The process is running with CompressedOops enabled, and the Java Heap may be blocking the growth of the native heap
# Possible solutions:
#   Reduce memory load on the system
#   Increase physical memory or swap space
#   Check if swap backing store is full
#   Decrease Java heap size (-Xmx/-Xms)
#   Decrease number of Java threads
#   Decrease Java thread stack sizes (-Xss)
#   Set larger code cache with -XX:ReservedCodeCacheSize=
#   JVM is running with Zero Based Compressed Oops mode in which the Java heap is
#     placed in the first 32GB address space. The Java Heap base address is the
#     maximum limit for the native heap growth. Please use -XX:HeapBaseMinAddress
#     to set the Java Heap base and to place the Java Heap above 32GB virtual address.
# This output file may be truncated or incomplete.
#
#  Out of Memory Error (os_windows.cpp:3617), pid=15096, tid=2736
#
# JRE version:  (17.0.8+7) (build )
# Java VM: OpenJDK 64-Bit Server VM (17.0.8+7, mixed mode, sharing, tiered, compressed oops, compressed class ptrs, g1 gc, windows-amd64)
# No core dump will be written. Minidumps are not enabled by default on client versions of Windows
#

---------------  S U M M A R Y ------------

Command Line: -agentlib:jdwp=transport=dt_socket,server=n,suspend=y,address=localhost:2821 -ea -XX:+ShowCodeDetailsInExceptionMessages TestDynamicArray

Host: AMD Ryzen 7 4800HS with Radeon Graphics         , 16 cores, 15G,  Windows 11 , 64 bit Build 26100 (10.0.26100.4768)
Time: Sun Aug 31 17:59:51 2025 E. Australia Standard Time elapsed time: 2.039561 seconds (0d 0h 0m 2s)

---------------  T H R E A D  ---------------

Current thread (0x0000028befb6e420):  JavaThread "Unknown thread" [_thread_in_vm, id=2736, stack(0x000000ec4f200000,0x000000ec4f300000)]

Stack: [0x000000ec4f200000,0x000000ec4f300000]
Native frames: (J=compiled Java code, j=interpreted, Vv=VM code, C=native code)
V  [jvm.dll+0x678b0a]
V  [jvm.dll+0x835e84]
V  [jvm.dll+0x83762e]
V  [jvm.dll+0x837c93]
V  [jvm.dll+0x24746f]
V  [jvm.dll+0x675859]
V  [jvm.dll+0x66a0ea]
V  [jvm.dll+0x306c7b]
V  [jvm.dll+0x30e166]
V  [jvm.dll+0x35dd3e]
V  [jvm.dll+0x35df6f]
V  [jvm.dll+0x2ddb48]
V  [jvm.dll+0x2deab4]
V  [jvm.dll+0x807f31]
V  [jvm.dll+0x36bb21]
V  [jvm.dll+0x7e733c]
V  [jvm.dll+0x3ee4af]
V  [jvm.dll+0x3f00c1]
C  [jli.dll+0x528b]
C  [ucrtbase.dll+0x37b0]
C  [KERNEL32.DLL+0x2e8d7]
C  [ntdll.dll+0x3c34c]


---------------  P R O C E S S  ---------------

Threads class SMR info:
_java_thread_list=0x00007ffab215a018, length=0, elements={
}

Java Threads: ( => current thread )

Other Threads:
  0x0000028befbda330 GCTaskThread "GC Thread#0" [stack: 0x000000ec4f300000,0x000000ec4f400000] [id=23268]
  0x0000028befbec850 ConcurrentGCThread "G1 Main Marker" [stack: 0x000000ec4f400000,0x000000ec4f500000] [id=16772]
  0x0000028befbede30 ConcurrentGCThread "G1 Conc#0" [stack: 0x000000ec4f500000,0x000000ec4f600000] [id=9548]

[error occurred during error reporting (printing all threads), id 0xc0000005, EXCEPTION_ACCESS_VIOLATION (0xc0000005) at pc=0x00007ffab192e587]

VM state: not at safepoint (not fully initialized)

VM Mutex/Monitor currently owned by a thread:  ([mutex/lock_event])
[0x0000028befb6bd20] Heap_lock - owner thread: 0x0000028befb6e420

Heap address: 0x0000000709400000, size: 3948 MB, Compressed Oops mode: Zero based, Oop shift amount: 3

CDS archive(s) mapped at: [0x0000000000000000-0x0000000000000000-0x0000000000000000), size 0, SharedBaseAddress: 0x0000000800000000, ArchiveRelocationMode: 1.
Narrow klass base: 0x0000000000000000, Narrow klass shift: 0, Narrow klass range: 0x0

GC Precious Log:
<Empty>

Heap:
 garbage-first heap   total 0K, used 0K [0x0000000709400000, 0x0000000800000000)
  region size 2048K, 0 young (0K), 0 survivors (0K)

[error occurred during error reporting (printing heap information), id 0xc0000005, EXCEPTION_ACCESS_VIOLATION (0xc0000005) at pc=0x00007ffab1d12699]

GC Heap History (0 events):
No events

Dll operation events (1 events):
Event: 0.011 Loaded shared library C:\Program Files\Eclipse Adoptium\jdk-17.0.8.7-hotspot\bin\java.dll

Deoptimization events (0 events):
No events

Classes unloaded (0 events):
No events

Classes redefined (0 events):
No events

Internal exceptions (0 events):
No events

VM Operations (0 events):
No events

Events (0 events):
No events


Dynamic libraries:
0x00007ff7c4980000 - 0x00007ff7c498e000 	C:\Program Files\Eclipse Adoptium\jdk-17.0.8.7-hotspot\bin\java.exe
0x00007ffb4c480000 - 0x00007ffb4c6e7000 	C:\WINDOWS\SYSTEM32\ntdll.dll
0x00007ffb4aae0000 - 0x00007ffb4aba9000 	C:\WINDOWS\System32\KERNEL32.DLL
0x00007ffb497c0000 - 0x00007ffb49bb0000 	C:\WINDOWS\System32\KERNELBASE.dll
0x00007ffb495b0000 - 0x00007ffb496fb000 	C:\WINDOWS\System32\ucrtbase.dll
0x00007ffb46060000 - 0x00007ffb46079000 	C:\Program Files\Eclipse Adoptium\jdk-17.0.8.7-hotspot\bin\VCRUNTIME140.dll
0x00007ffb36a60000 - 0x00007ffb36a77000 	C:\Program Files\Eclipse Adoptium\jdk-17.0.8.7-hotspot\bin\jli.dll
0x00007ffb4a420000 - 0x00007ffb4a5e5000 	C:\WINDOWS\System32\USER32.dll
0x00007ffb36310000 - 0x00007ffb365aa000 	C:\WINDOWS\WinSxS\amd64_microsoft.windows.common-controls_6595b64144ccf1df_6.0.26100.4768_none_3e0c112ce331287c\COMCTL32.dll
0x00007ffb49f30000 - 0x00007ffb49f57000 	C:\WINDOWS\System32\win32u.dll
0x00007ffb4c410000 - 0x00007ffb4c43b000 	C:\WINDOWS\System32\GDI32.dll
0x00007ffb4ad20000 - 0x00007ffb4adc9000 	C:\WINDOWS\System32\msvcrt.dll
0x00007ffb49d40000 - 0x00007ffb49e78000 	C:\WINDOWS\System32\gdi32full.dll
0x00007ffb49e80000 - 0x00007ffb49f23000 	C:\WINDOWS\System32\msvcp_win.dll
0x00007ffb4a3e0000 - 0x00007ffb4a40f000 	C:\WINDOWS\System32\IMM32.DLL
0x00007ffb46050000 - 0x00007ffb4605c000 	C:\Program Files\Eclipse Adoptium\jdk-17.0.8.7-hotspot\bin\vcruntime140_1.dll
0x00007ffb24490000 - 0x00007ffb24521000 	C:\Program Files\Eclipse Adoptium\jdk-17.0.8.7-hotspot\bin\msvcp140.dll
0x00007ffab1640000 - 0x00007ffab228c000 	C:\Program Files\Eclipse Adoptium\jdk-17.0.8.7-hotspot\bin\server\jvm.dll
0x00007ffb4a770000 - 0x00007ffb4a824000 	C:\WINDOWS\System32\ADVAPI32.dll
0x00007ffb4a980000 - 0x00007ffb4aa26000 	C:\WINDOWS\System32\sechost.dll
0x00007ffb4baa0000 - 0x00007ffb4bbb8000 	C:\WINDOWS\System32\RPCRT4.dll
0x00007ffb46f10000 - 0x00007ffb46f45000 	C:\WINDOWS\SYSTEM32\WINMM.dll
0x00007ffb42060000 - 0x00007ffb4206a000 	C:\WINDOWS\SYSTEM32\WSOCK32.dll
0x00007ffb49430000 - 0x00007ffb4948e000 	C:\WINDOWS\SYSTEM32\POWRPROF.dll
0x00007ffb42510000 - 0x00007ffb4251b000 	C:\WINDOWS\SYSTEM32\VERSION.dll
0x00007ffb4bed0000 - 0x00007ffb4bf44000 	C:\WINDOWS\System32\WS2_32.dll
0x00007ffb493f0000 - 0x00007ffb49404000 	C:\WINDOWS\SYSTEM32\UMPDC.dll
0x00007ffb48290000 - 0x00007ffb482ab000 	C:\WINDOWS\SYSTEM32\kernel.appcore.dll
0x00007ffb44010000 - 0x00007ffb4401a000 	C:\Program Files\Eclipse Adoptium\jdk-17.0.8.7-hotspot\bin\jimage.dll
0x00007ffb46cc0000 - 0x00007ffb46f01000 	C:\WINDOWS\SYSTEM32\DBGHELP.DLL
0x00007ffb4b520000 - 0x00007ffb4b8a5000 	C:\WINDOWS\System32\combase.dll
0x00007ffb4a890000 - 0x00007ffb4a970000 	C:\WINDOWS\System32\OLEAUT32.dll
0x00007ffb46c70000 - 0x00007ffb46cb3000 	C:\WINDOWS\SYSTEM32\dbgcore.DLL
0x00007ffb4a0e0000 - 0x00007ffb4a179000 	C:\WINDOWS\System32\bcryptPrimitives.dll
0x00007ffb2ca40000 - 0x00007ffb2ca7b000 	C:\Program Files\Eclipse Adoptium\jdk-17.0.8.7-hotspot\bin\jdwp.dll
0x00007ffb2cf00000 - 0x00007ffb2cf25000 	C:\Program Files\Eclipse Adoptium\jdk-17.0.8.7-hotspot\bin\java.dll

dbghelp: loaded successfully - version: 4.0.5 - missing functions: none
symbol engine: initialized successfully - sym options: 0x614 - pdb path: .;C:\Program Files\Eclipse Adoptium\jdk-17.0.8.7-hotspot\bin;C:\WINDOWS\SYSTEM32;C:\WINDOWS\WinSxS\amd64_microsoft.windows.common-controls_6595b64144ccf1df_6.0.26100.4768_none_3e0c112ce331287c;C:\Program Files\Eclipse Adoptium\jdk-17.0.8.7-hotspot\bin\server

VM Arguments:
jvm_args: -agentlib:jdwp=transport=dt_socket,server=n,suspend=y,address=localhost:2821 -ea -XX:+ShowCodeDetailsInExceptionMessages 
java_command: TestDynamicArray
java_class_path (initial): C:\Users\jamed\AppData\Roaming\Code\User\workspaceStorage\694c31b33b156eb004839e56b4467a95\redhat.java\jdt_ws\A2_6abd7f3d\bin
Launcher Type: SUN_STANDARD

[Global flags]
     intx CICompilerCount                          = 12                                        {product} {ergonomic}
     uint ConcGCThreads                            = 3                                         {product} {ergonomic}
     uint G1ConcRefinementThreads                  = 13                                        {product} {ergonomic}
   size_t G1HeapRegionSize                         = 2097152                                   {product} {ergonomic}
    uintx GCDrainStackTargetSize                   = 64                                        {product} {ergonomic}
   size_t InitialHeapSize                          = 260046848                                 {product} {ergonomic}
   size_t MarkStackSize                            = 4194304                                   {product} {ergonomic}
   size_t MaxHeapSize                              = 4139778048                                {product} {ergonomic}
   size_t MinHeapDeltaBytes                        = 2097152                                   {product} {ergonomic}
   size_t MinHeapSize                              = 8388608                                   {product} {ergonomic}
    uintx NonNMethodCodeHeapSize                   = 7602480                                {pd product} {ergonomic}
    uintx NonProfiledCodeHeapSize                  = 122027880                              {pd product} {ergonomic}
    uintx ProfiledCodeHeapSize                     = 122027880                              {pd product} {ergonomic}
    uintx ReservedCodeCacheSize                    = 251658240                              {pd product} {ergonomic}
     bool SegmentedCodeCache                       = true                                      {product} {ergonomic}
     bool ShowCodeDetailsInExceptionMessages       = true                                   {manageable} {command line}
   size_t SoftMaxHeapSize                          = 4139778048                             {manageable} {ergonomic}
     bool UseCompressedClassPointers               = true                           {product lp64_product} {ergonomic}
     bool UseCompressedOops                        = true                           {product lp64_product} {ergonomic}
     bool UseG1GC                                  = true                                      {product} {ergonomic}
     bool UseLargePagesIndividualAllocation        = false                                  {pd product} {ergonomic}

Logging:
Log output configuration:
 #0: stdout all=warning uptime,level,tags
 #1: stderr all=off uptime,level,tags

Environment Variables:
JAVA_HOME=C:\Program Files\Eclipse Adoptium\jdk-17.0.8.7-hotspot\
PATH=C:\Users\jamed\miniconda3;C:\Users\jamed\miniconda3\Library\mingw-w64\bin;C:\Users\jamed\miniconda3\Library\usr\bin;C:\Users\jamed\miniconda3\Library\bin;C:\Users\jamed\miniconda3\Scripts;C:\Users\jamed\miniconda3\bin;C:\Users\jamed\miniconda3\condabin;C:\Program Files\Common Files\Oracle\Java\javapath;C:\Program Files\NVIDIA GPU Computing Toolkit\CUDA\v12.6\bin;C:\Program Files\NVIDIA GPU Computing Toolkit\CUDA\v12.6\libnvvp;C:\Program Files\Eclipse Adoptium\jdk-17.0.8.7-hotspot\bin;C:\Program Files (x86)\Common Files\Oracle\Java\javapath;C:\Windows\system32;C:\Windows;C:\Windows\System32\Wbem;C:\Windows\System32\WindowsPowerShell\v1.0;C:\Windows\System32\OpenSSH;C:\Program Files (x86)\NVIDIA Corporation\PhysX\Common;C:\Program Files\NVIDIA Corporation\NVIDIA NvDLISR;C:\WINDOWS\system32;C:\WINDOWS;C:\WINDOWS\System32\Wbem;C:\WINDOWS\System32\WindowsPowerShell\v1.0;C:\WINDOWS\System32\OpenSSH;C:\Program Files\Git\cmd;C:\MinGW\bin;C:\Program Files\NVIDIA Corporation\Nsight Compute 2024.3.2;C:\Program Files\dotnet;C:\Program Files\Docker\Docker\resources\bin;C:\Users\jamed\.cargo\bin;C:\Users\jamed\AppData\Local\Microsoft\WindowsApps;C:\Program Files\JetBrains\PyCharm Community Edition 2022.3.2\bin;.;C:\Users\jamed\AppData\Local\Programs\Microsoft VS Code\bin;C:\Users\jamed\AppData\Local\GitHubDesktop\bin;C:\Users\jamed\miniconda3\Scripts;C:\Users\jamed\.rustup;C:\Program Files\NVIDIA GPU Computing Toolkit\CUDA\v12.6\bin;C:\Program Files\Microsoft Visual Studio\2022\Community\VC\Tools\MSVC\14.41.34120\bin\Hostx86\x64;C:\Program Files\Microsoft Visual Studio\2022\Community\VC\Tools\MSVC\14.41.34120\bin;C:\Program Files (x86)\Nmap;C:\Program Files\JetBrains\IntelliJ IDEA 2025.2\bin;c:\Users\jamed\.vscode\extensions\ms-python.debugpy-2025.10.0-win32-x64\bundled\scripts\noConfigScripts
USERNAME=jamed
LANG=en_US.UTF-8
OS=Windows_NT
PROCESSOR_IDENTIFIER=AMD64 Family 23 Model 96 Stepping 1, AuthenticAMD
TMP=C:\Users\jamed\AppData\Local\Temp
TEMP=C:\Users\jamed\AppData\Local\Temp



---------------  S Y S T E M  ---------------

OS:
 Windows 11 , 64 bit Build 26100 (10.0.26100.4768)
OS uptime: 0 days 4:11 hours
Hyper-V role detected

CPU: total 16 (initial active 16) (16 cores per cpu, 2 threads per core) family 23 model 96 stepping 1 microcode 0x8600104, cx8, cmov, fxsr, ht, mmx, 3dnowpref, sse, sse2, sse3, ssse3, sse4a, sse4.1, sse4.2, popcnt, lzcnt, tsc, tscinvbit, avx, avx2, aes, clmul, bmi1, bmi2, adx, sha, fma, vzeroupper, clflush, clflushopt, hv
Processor Information for all 16 processors :
  Max Mhz: 2900, Current Mhz: 2900, Mhz Limit: 2900

Memory: 4k page, system-wide physical 15789M (4989M free)
TotalPageFile size 15789M (AvailPageFile size 145M)
current process WorkingSet (physical memory assigned to process): 13M, peak: 13M
current process commit charge ("private bytes"): 71M, peak: 319M

vm_info: OpenJDK 64-Bit Server VM (17.0.8+7) for windows-amd64 JRE (17.0.8+7), built on Jul 18 2023 21:02:32 by "admin" with MS VC++ 16.7 (VS2019)

END.
