#
# There is insufficient memory for the Java Runtime Environment to continue.
# Native memory allocation (malloc) failed to allocate 1048576 bytes. Error detail: AllocateHeap
# Possible reasons:
#   The system is out of physical RAM or swap space
#   This process is running with CompressedOops enabled, and the Java Heap may be blocking the growth of the native heap
# Possible solutions:
#   Reduce memory load on the system
#   Increase physical memory or swap space
#   Check if swap backing store is full
#   Decrease Java heap size (-Xmx/-Xms)
#   Decrease number of Java threads
#   Decrease Java thread stack sizes (-Xss)
#   Set larger code cache with -XX:ReservedCodeCacheSize=
#   JVM is running with Unscaled Compressed Oops mode in which the Java heap is
#     placed in the first 4GB address space. The Java Heap base address is the
#     maximum limit for the native heap growth. Please use -XX:HeapBaseMinAddress
#     to set the Java Heap base and to place the Java Heap above 4GB virtual address.
# This output file may be truncated or incomplete.
#
#  Out of Memory Error (allocation.cpp:44), pid=14108, tid=26328
#
# JRE version: OpenJDK Runtime Environment Temurin-21.0.8+9 (21.0.8+9) (build 21.0.8+9-LTS)
# Java VM: OpenJDK 64-Bit Server VM Temurin-21.0.8+9 (21.0.8+9-LTS, mixed mode, sharing, tiered, compressed oops, compressed class ptrs, parallel gc, windows-amd64)
# No core dump will be written. Minidumps are not enabled by default on client versions of Windows
#

---------------  S U M M A R Y ------------

Command Line: --add-modules=ALL-SYSTEM --add-opens=java.base/java.util=ALL-UNNAMED --add-opens=java.base/java.lang=ALL-UNNAMED --add-opens=java.base/sun.nio.fs=ALL-UNNAMED -Declipse.application=org.eclipse.jdt.ls.core.id1 -Dosgi.bundles.defaultStartLevel=4 -Declipse.product=org.eclipse.jdt.ls.core.product -Djava.import.generatesMetadataFilesAtProjectRoot=false -DDetectVMInstallationsJob.disabled=true -Dfile.encoding=utf8 -XX:+UseParallelGC -XX:GCTimeRatio=4 -XX:AdaptiveSizePolicyWeight=90 -Dsun.zip.disableMemoryMapping=true -Xmx2G -Xms100m -Xlog:disable -javaagent:c:\Users\jamed\.vscode\extensions\redhat.java-1.44.0-win32-x64\lombok\lombok-1.18.39-4050.jar -XX:+HeapDumpOnOutOfMemoryError -XX:HeapDumpPath=c:\Users\jamed\AppData\Roaming\Code\User\workspaceStorage\694c31b33b156eb004839e56b4467a95\redhat.java -Daether.dependencyCollector.impl=bf c:\Users\jamed\.vscode\extensions\redhat.java-1.44.0-win32-x64\server\plugins\org.eclipse.equinox.launcher_1.7.0.v20250519-0528.jar -configuration c:\Users\jamed\AppData\Roaming\Code\User\globalStorage\redhat.java\1.44.0\config_win -data c:\Users\jamed\AppData\Roaming\Code\User\workspaceStorage\694c31b33b156eb004839e56b4467a95\redhat.java\jdt_ws --pipe=\\.\pipe\lsp-f4770f4d309ee12e21f5d2863c76829d-sock

Host: AMD Ryzen 7 4800HS with Radeon Graphics         , 16 cores, 15G,  Windows 11 , 64 bit Build 26100 (10.0.26100.4768)
Time: Fri Aug 29 14:08:40 2025 E. Australia Standard Time elapsed time: 2507.536254 seconds (0d 0h 41m 47s)

---------------  T H R E A D  ---------------

Current thread (0x000002d7b0c37c10):  JavaThread "Attach Listener" daemon [_thread_in_vm, id=26328, stack(0x000000df39000000,0x000000df39100000) (1024K)]

Stack: [0x000000df39000000,0x000000df39100000]
Native frames: (J=compiled Java code, j=interpreted, Vv=VM code, C=native code)
V  [jvm.dll+0x6d2449]
V  [jvm.dll+0x8ae341]
V  [jvm.dll+0x8b08be]
V  [jvm.dll+0x8b0fa3]
V  [jvm.dll+0x280c96]
V  [jvm.dll+0xc0347]
V  [jvm.dll+0x6d2cf9]
V  [jvm.dll+0x131116]
V  [jvm.dll+0x3f2d16]
V  [jvm.dll+0x857e6b]
V  [jvm.dll+0x6d0b0d]
C  [ucrtbase.dll+0x37b0]
C  [KERNEL32.DLL+0x2e8d7]
C  [ntdll.dll+0x3c34c]


---------------  P R O C E S S  ---------------

Threads class SMR info:
_java_thread_list=0x000002d82aca02b0, length=43, elements={
0x000002d7b0b94c30, 0x000002d7b0c34800, 0x000002d7c762d670, 0x000002d7b0c36c10,
0x000002d7b0c37c10, 0x000002d7b0c3af90, 0x000002d7b0c40740, 0x000002d7b0c41e40,
0x000002d7b0c4dc00, 0x000002d7b0c015e0, 0x000002d809d649f0, 0x000002d810523400,
0x000002d8108f3ef0, 0x000002d810577fa0, 0x000002d810578600, 0x000002d81029bc20,
0x000002d810880230, 0x000002d8108d6a90, 0x000002d8108d5050, 0x000002d8108d5d70,
0x000002d8108d3610, 0x000002d812908c30, 0x000002d812909950, 0x000002d81290a670,
0x000002d812907f10, 0x000002d81290ad00, 0x000002d812909fe0, 0x000002d81290ba20,
0x000002d81290c740, 0x000002d8129092c0, 0x000002d81290daf0, 0x000002d81290e180,
0x000002d81290e810, 0x000002d81290cdd0, 0x000002d81290c0b0, 0x000002d81290b390,
0x000002d81290eea0, 0x000002d81290d460, 0x000002d812b25910, 0x000002d812b24560,
0x000002d812b25280, 0x000002d812b25fa0, 0x000002d813ef11e0
}

Java Threads: ( => current thread )
  0x000002d7b0b94c30 JavaThread "main"                              [_thread_blocked, id=21708, stack(0x000000df38900000,0x000000df38a00000) (1024K)]
  0x000002d7b0c34800 JavaThread "Reference Handler"          daemon [_thread_blocked, id=13768, stack(0x000000df38d00000,0x000000df38e00000) (1024K)]
  0x000002d7c762d670 JavaThread "Finalizer"                  daemon [_thread_blocked, id=10096, stack(0x000000df38e00000,0x000000df38f00000) (1024K)]
  0x000002d7b0c36c10 JavaThread "Signal Dispatcher"          daemon [_thread_blocked, id=18440, stack(0x000000df38f00000,0x000000df39000000) (1024K)]
=>0x000002d7b0c37c10 JavaThread "Attach Listener"            daemon [_thread_in_vm, id=26328, stack(0x000000df39000000,0x000000df39100000) (1024K)]
  0x000002d7b0c3af90 JavaThread "Service Thread"             daemon [_thread_blocked, id=3008, stack(0x000000df39100000,0x000000df39200000) (1024K)]
  0x000002d7b0c40740 JavaThread "Monitor Deflation Thread"   daemon [_thread_blocked, id=6976, stack(0x000000df39200000,0x000000df39300000) (1024K)]
  0x000002d7b0c41e40 JavaThread "C2 CompilerThread0"         daemon [_thread_blocked, id=20772, stack(0x000000df39300000,0x000000df39400000) (1024K)]
  0x000002d7b0c4dc00 JavaThread "C1 CompilerThread0"         daemon [_thread_blocked, id=1360, stack(0x000000df39400000,0x000000df39500000) (1024K)]
  0x000002d7b0c015e0 JavaThread "Common-Cleaner"             daemon [_thread_blocked, id=26116, stack(0x000000df39500000,0x000000df39600000) (1024K)]
  0x000002d809d649f0 JavaThread "Notification Thread"        daemon [_thread_blocked, id=13544, stack(0x000000df39a00000,0x000000df39b00000) (1024K)]
  0x000002d810523400 JavaThread "Active Thread: Equinox Container: 3ee3261a-cf41-49b0-8caa-692374c000bb"        [_thread_blocked, id=22984, stack(0x000000df3a300000,0x000000df3a400000) (1024K)]
  0x000002d8108f3ef0 JavaThread "Refresh Thread: Equinox Container: 3ee3261a-cf41-49b0-8caa-692374c000bb" daemon [_thread_blocked, id=14840, stack(0x000000df3a500000,0x000000df3a600000) (1024K)]
  0x000002d810577fa0 JavaThread "Framework Event Dispatcher: Equinox Container: 3ee3261a-cf41-49b0-8caa-692374c000bb" daemon [_thread_blocked, id=17292, stack(0x000000df3a600000,0x000000df3a700000) (1024K)]
  0x000002d810578600 JavaThread "Start Level: Equinox Container: 3ee3261a-cf41-49b0-8caa-692374c000bb" daemon [_thread_blocked, id=7044, stack(0x000000df3a700000,0x000000df3a800000) (1024K)]
  0x000002d81029bc20 JavaThread "Bundle File Closer"         daemon [_thread_blocked, id=24036, stack(0x000000df3ab00000,0x000000df3ac00000) (1024K)]
  0x000002d810880230 JavaThread "SCR Component Actor"        daemon [_thread_blocked, id=4056, stack(0x000000df3ac00000,0x000000df3ad00000) (1024K)]
  0x000002d8108d6a90 JavaThread "Worker-JM"                         [_thread_blocked, id=11200, stack(0x000000df3a200000,0x000000df3a300000) (1024K)]
  0x000002d8108d5050 JavaThread "JNA Cleaner"                daemon [_thread_blocked, id=23688, stack(0x000000df3b000000,0x000000df3b100000) (1024K)]
  0x000002d8108d5d70 JavaThread "Worker-0"                          [_thread_blocked, id=11480, stack(0x000000df3b100000,0x000000df3b200000) (1024K)]
  0x000002d8108d3610 JavaThread "Java indexing"              daemon [_thread_blocked, id=22952, stack(0x000000df3b300000,0x000000df3b400000) (1024K)]
  0x000002d812908c30 JavaThread "Worker-4"                          [_thread_blocked, id=25804, stack(0x000000df3b800000,0x000000df3b900000) (1024K)]
  0x000002d812909950 JavaThread "Thread-2"                   daemon [_thread_in_native, id=19296, stack(0x000000df3bb00000,0x000000df3bc00000) (1024K)]
  0x000002d81290a670 JavaThread "Thread-3"                   daemon [_thread_in_native, id=8444, stack(0x000000df3bc00000,0x000000df3bd00000) (1024K)]
  0x000002d812907f10 JavaThread "Thread-4"                   daemon [_thread_in_native, id=17644, stack(0x000000df3bd00000,0x000000df3be00000) (1024K)]
  0x000002d81290ad00 JavaThread "Thread-5"                   daemon [_thread_in_native, id=21988, stack(0x000000df3be00000,0x000000df3bf00000) (1024K)]
  0x000002d812909fe0 JavaThread "Thread-6"                   daemon [_thread_in_native, id=18320, stack(0x000000df3bf00000,0x000000df3c000000) (1024K)]
  0x000002d81290ba20 JavaThread "Thread-7"                   daemon [_thread_in_native, id=23144, stack(0x000000df3c000000,0x000000df3c100000) (1024K)]
  0x000002d81290c740 JavaThread "Thread-8"                   daemon [_thread_in_native, id=26620, stack(0x000000df3c100000,0x000000df3c200000) (1024K)]
  0x000002d8129092c0 JavaThread "Thread-9"                   daemon [_thread_in_native, id=25908, stack(0x000000df3c200000,0x000000df3c300000) (1024K)]
  0x000002d81290daf0 JavaThread "Thread-10"                  daemon [_thread_in_native, id=11244, stack(0x000000df3c300000,0x000000df3c400000) (1024K)]
  0x000002d81290e180 JavaThread "Thread-11"                  daemon [_thread_in_native, id=9852, stack(0x000000df3c400000,0x000000df3c500000) (1024K)]
  0x000002d81290e810 JavaThread "Thread-12"                  daemon [_thread_in_native, id=24404, stack(0x000000df3c500000,0x000000df3c600000) (1024K)]
  0x000002d81290cdd0 JavaThread "Thread-13"                  daemon [_thread_in_native, id=1896, stack(0x000000df3c600000,0x000000df3c700000) (1024K)]
  0x000002d81290c0b0 JavaThread "Thread-14"                  daemon [_thread_in_native, id=3384, stack(0x000000df3c700000,0x000000df3c800000) (1024K)]
  0x000002d81290b390 JavaThread "Thread-15"                  daemon [_thread_in_native, id=27624, stack(0x000000df3c800000,0x000000df3c900000) (1024K)]
  0x000002d81290eea0 JavaThread "Thread-16"                  daemon [_thread_in_native, id=26352, stack(0x000000df3c900000,0x000000df3ca00000) (1024K)]
  0x000002d81290d460 JavaThread "Thread-17"                  daemon [_thread_in_native, id=23712, stack(0x000000df3ca00000,0x000000df3cb00000) (1024K)]
  0x000002d812b25910 JavaThread "Thread-18"                  daemon [_thread_in_native, id=9572, stack(0x000000df3cb00000,0x000000df3cc00000) (1024K)]
  0x000002d812b24560 JavaThread "pool-2-thread-1"                   [_thread_blocked, id=20272, stack(0x000000df3cc00000,0x000000df3cd00000) (1024K)]
  0x000002d812b25280 JavaThread "WorkspaceEventsHandler"            [_thread_blocked, id=3448, stack(0x000000df3d100000,0x000000df3d200000) (1024K)]
  0x000002d812b25fa0 JavaThread "pool-1-thread-1"                   [_thread_blocked, id=2664, stack(0x000000df3d200000,0x000000df3d300000) (1024K)]
  0x000002d813ef11e0 JavaThread "Cleaner-0"                  daemon [_thread_blocked, id=14508, stack(0x000000df3fd00000,0x000000df3fe00000) (1024K)]
Total: 43

Other Threads:
  0x000002d7b0c2fb30 VMThread "VM Thread"                           [id=14944, stack(0x000000df38c00000,0x000000df38d00000) (1024K)]
  0x000002d7c750ba00 WatcherThread "VM Periodic Task Thread"        [id=22284, stack(0x000000df38b00000,0x000000df38c00000) (1024K)]
  0x000002d7b0bb2280 WorkerThread "GC Thread#0"                     [id=19904, stack(0x000000df38a00000,0x000000df38b00000) (1024K)]
  0x000002d81016e990 WorkerThread "GC Thread#1"                     [id=20596, stack(0x000000df39c00000,0x000000df39d00000) (1024K)]
  0x000002d80b3d7260 WorkerThread "GC Thread#2"                     [id=9732, stack(0x000000df39d00000,0x000000df39e00000) (1024K)]
  0x000002d81016ed30 WorkerThread "GC Thread#3"                     [id=15964, stack(0x000000df39e00000,0x000000df39f00000) (1024K)]
  0x000002d81016f0d0 WorkerThread "GC Thread#4"                     [id=21516, stack(0x000000df39f00000,0x000000df3a000000) (1024K)]
  0x000002d80b39a480 WorkerThread "GC Thread#5"                     [id=23724, stack(0x000000df3a000000,0x000000df3a100000) (1024K)]
  0x000002d80b38c200 WorkerThread "GC Thread#6"                     [id=9384, stack(0x000000df3a100000,0x000000df3a200000) (1024K)]
  0x000002d810231640 WorkerThread "GC Thread#7"                     [id=20276, stack(0x000000df3a400000,0x000000df3a500000) (1024K)]
  0x000002d81022b220 WorkerThread "GC Thread#8"                     [id=21860, stack(0x000000df3a800000,0x000000df3a900000) (1024K)]
  0x000002d81022a3a0 WorkerThread "GC Thread#9"                     [id=23556, stack(0x000000df3a900000,0x000000df3aa00000) (1024K)]
  0x000002d810229c60 WorkerThread "GC Thread#10"                    [id=10600, stack(0x000000df3aa00000,0x000000df3ab00000) (1024K)]
  0x000002d81022aae0 WorkerThread "GC Thread#11"                    [id=14080, stack(0x000000df3ae00000,0x000000df3af00000) (1024K)]
  0x000002d81022b5c0 WorkerThread "GC Thread#12"                    [id=14440, stack(0x000000df3af00000,0x000000df3b000000) (1024K)]
Total: 15

Threads with active compile tasks:
Total: 0

VM state: not at safepoint (normal execution)

VM Mutex/Monitor currently owned by a thread: None

Heap address: 0x0000000080000000, size: 2048 MB, Compressed Oops mode: 32-bit

CDS archive(s) mapped at: [0x000002d7c8000000-0x000002d7c8ba0000-0x000002d7c8ba0000), size 12189696, SharedBaseAddress: 0x000002d7c8000000, ArchiveRelocationMode: 1.
Compressed class space mapped at: 0x000002d7c9000000-0x000002d809000000, reserved size: 1073741824
Narrow klass base: 0x000002d7c8000000, Narrow klass shift: 0, Narrow klass range: 0x100000000

GC Precious Log:
 CardTable entry size: 512
 CPUs: 16 total, 16 available
 Memory: 15789M
 Large Page Support: Disabled
 NUMA Support: Disabled
 Compressed Oops: Enabled (32-bit)
 Alignments: Space 512K, Generation 512K, Heap 2M
 Heap Min Capacity: 100M
 Heap Initial Capacity: 100M
 Heap Max Capacity: 2G
 Pre-touch: Disabled
 Parallel Workers: 13

Heap:
 PSYoungGen      total 4608K, used 3759K [0x00000000d5580000, 0x00000000d5e80000, 0x0000000100000000)
  eden space 4096K, 85% used [0x00000000d5580000,0x00000000d58ebcf0,0x00000000d5980000)
  from space 512K, 50% used [0x00000000d5e00000,0x00000000d5e40000,0x00000000d5e80000)
  to   space 1024K, 0% used [0x00000000d5c80000,0x00000000d5c80000,0x00000000d5d80000)
 ParOldGen       total 917504K, used 917313K [0x0000000080000000, 0x00000000b8000000, 0x00000000d5580000)
  object space 917504K, 99% used [0x0000000080000000,0x00000000b7fd06e8,0x00000000b8000000)
 Metaspace       used 71484K, committed 72960K, reserved 1114112K
  class space    used 7323K, committed 8000K, reserved 1048576K

Card table byte_map: [0x000002d7b0530000,0x000002d7b0940000] _byte_map_base: 0x000002d7b0130000

Marking Bits: (ParMarkBitMap*) 0x00007ff90964a340
 Begin Bits: [0x000002d7c3030000, 0x000002d7c5030000)
 End Bits:   [0x000002d7c5030000, 0x000002d7c7030000)

Polling page: 0x000002d7aec50000

Metaspace:

Usage:
  Non-class:     62.66 MB used.
      Class:      7.15 MB used.
       Both:     69.81 MB used.

Virtual space:
  Non-class space:       64.00 MB reserved,      63.44 MB (>99%) committed,  1 nodes.
      Class space:        1.00 GB reserved,       7.81 MB ( <1%) committed,  1 nodes.
             Both:        1.06 GB reserved,      71.25 MB (  7%) committed. 

Chunk freelists:
   Non-Class:  450.00 KB
       Class:  8.24 MB
        Both:  8.68 MB

MaxMetaspaceSize: unlimited
CompressedClassSpaceSize: 1.00 GB
Initial GC threshold: 21.00 MB
Current GC threshold: 97.31 MB
CDS: on
 - commit_granule_bytes: 65536.
 - commit_granule_words: 8192.
 - virtual_space_node_default_size: 8388608.
 - enlarge_chunks_in_place: 1.
 - use_allocation_guard: 0.


Internal statistics:

num_allocs_failed_limit: 9.
num_arena_births: 1212.
num_arena_deaths: 24.
num_vsnodes_births: 2.
num_vsnodes_deaths: 0.
num_space_committed: 1140.
num_space_uncommitted: 0.
num_chunks_returned_to_freelist: 36.
num_chunks_taken_from_freelist: 4498.
num_chunk_merges: 13.
num_chunk_splits: 2823.
num_chunks_enlarged: 1663.
num_inconsistent_stats: 0.

CodeHeap 'non-profiled nmethods': size=119168Kb used=13487Kb max_used=13487Kb free=105680Kb
 bounds [0x000002d7bb920000, 0x000002d7bc650000, 0x000002d7c2d80000]
CodeHeap 'profiled nmethods': size=119104Kb used=31285Kb max_used=31285Kb free=87818Kb
 bounds [0x000002d7b3d80000, 0x000002d7b5c10000, 0x000002d7bb1d0000]
CodeHeap 'non-nmethods': size=7488Kb used=1474Kb max_used=3293Kb free=6013Kb
 bounds [0x000002d7bb1d0000, 0x000002d7bb510000, 0x000002d7bb920000]
CodeCache: size=245760Kb, used=46246Kb, max_used=48065Kb, free=199511Kb
 total_blobs=14174, nmethods=13381, adapters=695, full_count=0
Compilation: enabled, stopped_count=0, restarted_count=0

Compilation events (20 events):
Event: 1886.103 Thread 0x000002d7b0c4dc00 14182       3       java.util.concurrent.ScheduledThreadPoolExecutor$DelayedWorkQueue::add (6 bytes)
Event: 1886.103 Thread 0x000002d7b0c4dc00 nmethod 14182 0x000002d7b5c06110 code [0x000002d7b5c062c0, 0x000002d7b5c06418]
Event: 1886.103 Thread 0x000002d7b0c4dc00 14183   !   3       java.util.concurrent.ScheduledThreadPoolExecutor$DelayedWorkQueue::offer (123 bytes)
Event: 1886.104 Thread 0x000002d7b0c4dc00 nmethod 14183 0x000002d7b5c06510 code [0x000002d7b5c06820, 0x000002d7b5c07bc0]
Event: 1886.104 Thread 0x000002d7b0c4dc00 14184       3       java.util.concurrent.ThreadPoolExecutor::ensurePrestart (41 bytes)
Event: 1886.104 Thread 0x000002d7b0c4dc00 nmethod 14184 0x000002d7b5c08410 code [0x000002d7b5c085e0, 0x000002d7b5c08890]
Event: 1886.105 Thread 0x000002d7b0c4dc00 14185       3       java.util.concurrent.ScheduledThreadPoolExecutor$DelayedWorkQueue::take (5 bytes)
Event: 1886.105 Thread 0x000002d7b0c4dc00 nmethod 14185 0x000002d7b5c08990 code [0x000002d7b5c08b40, 0x000002d7b5c08c98]
Event: 1896.106 Thread 0x000002d7b0c4dc00 14186       3       java.util.concurrent.ScheduledThreadPoolExecutor$DelayedWorkQueue::finishPoll (43 bytes)
Event: 1896.106 Thread 0x000002d7b0c4dc00 nmethod 14186 0x000002d7b5c08d90 code [0x000002d7b5c08f60, 0x000002d7b5c094e8]
Event: 1896.106 Thread 0x000002d7b0c4dc00 14187       3       java.util.concurrent.ScheduledThreadPoolExecutor$ScheduledFutureTask::run (57 bytes)
Event: 1896.107 Thread 0x000002d7b0c4dc00 nmethod 14187 0x000002d7b5c09690 code [0x000002d7b5c098c0, 0x000002d7b5c09d50]
Event: 1925.292 Thread 0x000002d7b0c4dc00 14188       3       java.util.concurrent.locks.AbstractQueuedSynchronizer$ConditionObject::await (207 bytes)
Event: 1925.293 Thread 0x000002d7b0c4dc00 nmethod 14188 0x000002d7b5c09f10 code [0x000002d7b5c0a220, 0x000002d7b5c0b108]
Event: 2045.307 Thread 0x000002d7b0c4dc00 14189   !   3       java.util.logging.LogManager::ensureLogManagerInitialized (144 bytes)
Event: 2045.308 Thread 0x000002d7b0c4dc00 nmethod 14189 0x000002d7b5c0b790 code [0x000002d7b5c0baa0, 0x000002d7b5c0cbc0]
Event: 2103.219 Thread 0x000002d7b0c4dc00 14190       3       org.eclipse.core.internal.resources.ResourceInfo::shareStrings (43 bytes)
Event: 2103.220 Thread 0x000002d7b0c4dc00 nmethod 14190 0x000002d7b5c0d190 code [0x000002d7b5c0d360, 0x000002d7b5c0d628]
Event: 2161.920 Thread 0x000002d7b0c4dc00 14191       1       org.eclipse.osgi.internal.framework.EquinoxContainer::getStorage (5 bytes)
Event: 2161.920 Thread 0x000002d7b0c4dc00 nmethod 14191 0x000002d7bc64bb90 code [0x000002d7bc64bd20, 0x000002d7bc64bde8]

GC Heap History (20 events):
Event: 93.680 GC heap before
{Heap before GC invocations=742 (full 3):
 PSYoungGen      total 8192K, used 7904K [0x00000000d5580000, 0x00000000d5f80000, 0x0000000100000000)
  eden space 7680K, 100% used [0x00000000d5580000,0x00000000d5d00000,0x00000000d5d00000)
  from space 512K, 43% used [0x00000000d5f00000,0x00000000d5f38000,0x00000000d5f80000)
  to   space 1024K, 0% used [0x00000000d5d80000,0x00000000d5d80000,0x00000000d5e80000)
 ParOldGen       total 905728K, used 905388K [0x0000000080000000, 0x00000000b7480000, 0x00000000d5580000)
  object space 905728K, 99% used [0x0000000080000000,0x00000000b742b0c8,0x00000000b7480000)
 Metaspace       used 71141K, committed 72576K, reserved 1114112K
  class space    used 7297K, committed 7936K, reserved 1048576K
}
Event: 93.683 GC heap after
{Heap after GC invocations=742 (full 3):
 PSYoungGen      total 9216K, used 1008K [0x00000000d5580000, 0x00000000d6880000, 0x0000000100000000)
  eden space 8192K, 0% used [0x00000000d5580000,0x00000000d5580000,0x00000000d5d80000)
  from space 1024K, 98% used [0x00000000d5d80000,0x00000000d5e7c0a0,0x00000000d5e80000)
  to   space 5120K, 0% used [0x00000000d6380000,0x00000000d6380000,0x00000000d6880000)
 ParOldGen       total 908800K, used 908385K [0x0000000080000000, 0x00000000b7780000, 0x00000000d5580000)
  object space 908800K, 99% used [0x0000000080000000,0x00000000b7718408,0x00000000b7780000)
 Metaspace       used 71141K, committed 72576K, reserved 1114112K
  class space    used 7297K, committed 7936K, reserved 1048576K
}
Event: 417.951 GC heap before
{Heap before GC invocations=743 (full 3):
 PSYoungGen      total 9216K, used 9119K [0x00000000d5580000, 0x00000000d6880000, 0x0000000100000000)
  eden space 8192K, 99% used [0x00000000d5580000,0x00000000d5d6bbd0,0x00000000d5d80000)
  from space 1024K, 98% used [0x00000000d5d80000,0x00000000d5e7c0a0,0x00000000d5e80000)
  to   space 5120K, 0% used [0x00000000d6380000,0x00000000d6380000,0x00000000d6880000)
 ParOldGen       total 908800K, used 908385K [0x0000000080000000, 0x00000000b7780000, 0x00000000d5580000)
  object space 908800K, 99% used [0x0000000080000000,0x00000000b7718408,0x00000000b7780000)
 Metaspace       used 71337K, committed 72768K, reserved 1114112K
  class space    used 7321K, committed 8000K, reserved 1048576K
}
Event: 417.952 GC heap after
{Heap after GC invocations=743 (full 3):
 PSYoungGen      total 8704K, used 512K [0x00000000d5580000, 0x00000000d6400000, 0x0000000100000000)
  eden space 8192K, 0% used [0x00000000d5580000,0x00000000d5580000,0x00000000d5d80000)
  from space 512K, 100% used [0x00000000d6380000,0x00000000d6400000,0x00000000d6400000)
  to   space 2048K, 0% used [0x00000000d6000000,0x00000000d6000000,0x00000000d6200000)
 ParOldGen       total 908800K, used 908596K [0x0000000080000000, 0x00000000b7780000, 0x00000000d5580000)
  object space 908800K, 99% used [0x0000000080000000,0x00000000b774d368,0x00000000b7780000)
 Metaspace       used 71337K, committed 72768K, reserved 1114112K
  class space    used 7321K, committed 8000K, reserved 1048576K
}
Event: 417.964 GC heap before
{Heap before GC invocations=744 (full 3):
 PSYoungGen      total 8704K, used 8704K [0x00000000d5580000, 0x00000000d6400000, 0x0000000100000000)
  eden space 8192K, 100% used [0x00000000d5580000,0x00000000d5d80000,0x00000000d5d80000)
  from space 512K, 100% used [0x00000000d6380000,0x00000000d6400000,0x00000000d6400000)
  to   space 2048K, 0% used [0x00000000d6000000,0x00000000d6000000,0x00000000d6200000)
 ParOldGen       total 908800K, used 908596K [0x0000000080000000, 0x00000000b7780000, 0x00000000d5580000)
  object space 908800K, 99% used [0x0000000080000000,0x00000000b774d368,0x00000000b7780000)
 Metaspace       used 71341K, committed 72768K, reserved 1114112K
  class space    used 7321K, committed 8000K, reserved 1048576K
}
Event: 417.967 GC heap after
{Heap after GC invocations=744 (full 3):
 PSYoungGen      total 10240K, used 2032K [0x00000000d5580000, 0x00000000d6880000, 0x0000000100000000)
  eden space 8192K, 0% used [0x00000000d5580000,0x00000000d5580000,0x00000000d5d80000)
  from space 2048K, 99% used [0x00000000d6000000,0x00000000d61fc0a0,0x00000000d6200000)
  to   space 5632K, 0% used [0x00000000d6300000,0x00000000d6300000,0x00000000d6880000)
 ParOldGen       total 911360K, used 911213K [0x0000000080000000, 0x00000000b7a00000, 0x00000000d5580000)
  object space 911360K, 99% used [0x0000000080000000,0x00000000b79db608,0x00000000b7a00000)
 Metaspace       used 71341K, committed 72768K, reserved 1114112K
  class space    used 7321K, committed 8000K, reserved 1048576K
}
Event: 417.986 GC heap before
{Heap before GC invocations=745 (full 3):
 PSYoungGen      total 10240K, used 10215K [0x00000000d5580000, 0x00000000d6880000, 0x0000000100000000)
  eden space 8192K, 99% used [0x00000000d5580000,0x00000000d5d7db80,0x00000000d5d80000)
  from space 2048K, 99% used [0x00000000d6000000,0x00000000d61fc0a0,0x00000000d6200000)
  to   space 5632K, 0% used [0x00000000d6300000,0x00000000d6300000,0x00000000d6880000)
 ParOldGen       total 911360K, used 911213K [0x0000000080000000, 0x00000000b7a00000, 0x00000000d5580000)
  object space 911360K, 99% used [0x0000000080000000,0x00000000b79db608,0x00000000b7a00000)
 Metaspace       used 71356K, committed 72832K, reserved 1114112K
  class space    used 7321K, committed 8000K, reserved 1048576K
}
Event: 417.987 GC heap after
{Heap after GC invocations=745 (full 3):
 PSYoungGen      total 9728K, used 1103K [0x00000000d5580000, 0x00000000d6480000, 0x0000000100000000)
  eden space 8192K, 0% used [0x00000000d5580000,0x00000000d5580000,0x00000000d5d80000)
  from space 1536K, 71% used [0x00000000d6300000,0x00000000d6413f28,0x00000000d6480000)
  to   space 2560K, 0% used [0x00000000d5f80000,0x00000000d5f80000,0x00000000d6200000)
 ParOldGen       total 911360K, used 911237K [0x0000000080000000, 0x00000000b7a00000, 0x00000000d5580000)
  object space 911360K, 99% used [0x0000000080000000,0x00000000b79e1608,0x00000000b7a00000)
 Metaspace       used 71356K, committed 72832K, reserved 1114112K
  class space    used 7321K, committed 8000K, reserved 1048576K
}
Event: 465.751 GC heap before
{Heap before GC invocations=746 (full 3):
 PSYoungGen      total 9728K, used 9295K [0x00000000d5580000, 0x00000000d6480000, 0x0000000100000000)
  eden space 8192K, 100% used [0x00000000d5580000,0x00000000d5d80000,0x00000000d5d80000)
  from space 1536K, 71% used [0x00000000d6300000,0x00000000d6413f28,0x00000000d6480000)
  to   space 2560K, 0% used [0x00000000d5f80000,0x00000000d5f80000,0x00000000d6200000)
 ParOldGen       total 911360K, used 911237K [0x0000000080000000, 0x00000000b7a00000, 0x00000000d5580000)
  object space 911360K, 99% used [0x0000000080000000,0x00000000b79e1608,0x00000000b7a00000)
 Metaspace       used 71373K, committed 72832K, reserved 1114112K
  class space    used 7321K, committed 8000K, reserved 1048576K
}
Event: 465.753 GC heap after
{Heap after GC invocations=746 (full 3):
 PSYoungGen      total 10752K, used 1103K [0x00000000d5580000, 0x00000000d6380000, 0x0000000100000000)
  eden space 8192K, 0% used [0x00000000d5580000,0x00000000d5580000,0x00000000d5d80000)
  from space 2560K, 43% used [0x00000000d5f80000,0x00000000d6093db0,0x00000000d6200000)
  to   space 1536K, 0% used [0x00000000d6200000,0x00000000d6200000,0x00000000d6380000)
 ParOldGen       total 911360K, used 911277K [0x0000000080000000, 0x00000000b7a00000, 0x00000000d5580000)
  object space 911360K, 99% used [0x0000000080000000,0x00000000b79eb608,0x00000000b7a00000)
 Metaspace       used 71373K, committed 72832K, reserved 1114112K
  class space    used 7321K, committed 8000K, reserved 1048576K
}
Event: 465.767 GC heap before
{Heap before GC invocations=747 (full 3):
 PSYoungGen      total 10752K, used 9295K [0x00000000d5580000, 0x00000000d6380000, 0x0000000100000000)
  eden space 8192K, 100% used [0x00000000d5580000,0x00000000d5d80000,0x00000000d5d80000)
  from space 2560K, 43% used [0x00000000d5f80000,0x00000000d6093db0,0x00000000d6200000)
  to   space 1536K, 0% used [0x00000000d6200000,0x00000000d6200000,0x00000000d6380000)
 ParOldGen       total 911360K, used 911277K [0x0000000080000000, 0x00000000b7a00000, 0x00000000d5580000)
  object space 911360K, 99% used [0x0000000080000000,0x00000000b79eb608,0x00000000b7a00000)
 Metaspace       used 71376K, committed 72832K, reserved 1114112K
  class space    used 7321K, committed 8000K, reserved 1048576K
}
Event: 465.770 GC heap after
{Heap after GC invocations=747 (full 3):
 PSYoungGen      total 8192K, used 1520K [0x00000000d5580000, 0x00000000d6980000, 0x0000000100000000)
  eden space 6656K, 0% used [0x00000000d5580000,0x00000000d5580000,0x00000000d5c00000)
  from space 1536K, 98% used [0x00000000d6200000,0x00000000d637c0a0,0x00000000d6380000)
  to   space 6144K, 0% used [0x00000000d5c00000,0x00000000d5c00000,0x00000000d6200000)
 ParOldGen       total 915456K, used 915143K [0x0000000080000000, 0x00000000b7e00000, 0x00000000d5580000)
  object space 915456K, 99% used [0x0000000080000000,0x00000000b7db1e68,0x00000000b7e00000)
 Metaspace       used 71376K, committed 72832K, reserved 1114112K
  class space    used 7321K, committed 8000K, reserved 1048576K
}
Event: 465.786 GC heap before
{Heap before GC invocations=748 (full 3):
 PSYoungGen      total 8192K, used 8176K [0x00000000d5580000, 0x00000000d6980000, 0x0000000100000000)
  eden space 6656K, 100% used [0x00000000d5580000,0x00000000d5c00000,0x00000000d5c00000)
  from space 1536K, 98% used [0x00000000d6200000,0x00000000d637c0a0,0x00000000d6380000)
  to   space 6144K, 0% used [0x00000000d5c00000,0x00000000d5c00000,0x00000000d6200000)
 ParOldGen       total 915456K, used 915143K [0x0000000080000000, 0x00000000b7e00000, 0x00000000d5580000)
  object space 915456K, 99% used [0x0000000080000000,0x00000000b7db1e68,0x00000000b7e00000)
 Metaspace       used 71378K, committed 72832K, reserved 1114112K
  class space    used 7321K, committed 8000K, reserved 1048576K
}
Event: 465.790 GC heap after
{Heap after GC invocations=748 (full 3):
 PSYoungGen      total 10752K, used 4015K [0x00000000d5580000, 0x00000000d6500000, 0x0000000100000000)
  eden space 6656K, 0% used [0x00000000d5580000,0x00000000d5580000,0x00000000d5c00000)
  from space 4096K, 98% used [0x00000000d5c00000,0x00000000d5febdb0,0x00000000d6000000)
  to   space 4608K, 0% used [0x00000000d6080000,0x00000000d6080000,0x00000000d6500000)
 ParOldGen       total 915456K, used 915151K [0x0000000080000000, 0x00000000b7e00000, 0x00000000d5580000)
  object space 915456K, 99% used [0x0000000080000000,0x00000000b7db3e68,0x00000000b7e00000)
 Metaspace       used 71378K, committed 72832K, reserved 1114112K
  class space    used 7321K, committed 8000K, reserved 1048576K
}
Event: 465.796 GC heap before
{Heap before GC invocations=749 (full 3):
 PSYoungGen      total 10752K, used 10671K [0x00000000d5580000, 0x00000000d6500000, 0x0000000100000000)
  eden space 6656K, 100% used [0x00000000d5580000,0x00000000d5c00000,0x00000000d5c00000)
  from space 4096K, 98% used [0x00000000d5c00000,0x00000000d5febdb0,0x00000000d6000000)
  to   space 4608K, 0% used [0x00000000d6080000,0x00000000d6080000,0x00000000d6500000)
 ParOldGen       total 915456K, used 915151K [0x0000000080000000, 0x00000000b7e00000, 0x00000000d5580000)
  object space 915456K, 99% used [0x0000000080000000,0x00000000b7db3e68,0x00000000b7e00000)
 Metaspace       used 71378K, committed 72832K, reserved 1114112K
  class space    used 7321K, committed 8000K, reserved 1048576K
}
Event: 465.799 GC heap after
{Heap after GC invocations=749 (full 3):
 PSYoungGen      total 8704K, used 4592K [0x00000000d5580000, 0x00000000d6a00000, 0x0000000100000000)
  eden space 4096K, 0% used [0x00000000d5580000,0x00000000d5580000,0x00000000d5980000)
  from space 4608K, 99% used [0x00000000d6080000,0x00000000d64fc0a0,0x00000000d6500000)
  to   space 7168K, 0% used [0x00000000d5980000,0x00000000d5980000,0x00000000d6080000)
 ParOldGen       total 917504K, used 917161K [0x0000000080000000, 0x00000000b8000000, 0x00000000d5580000)
  object space 917504K, 99% used [0x0000000080000000,0x00000000b7faa6c8,0x00000000b8000000)
 Metaspace       used 71378K, committed 72832K, reserved 1114112K
  class space    used 7321K, committed 8000K, reserved 1048576K
}
Event: 774.211 GC heap before
{Heap before GC invocations=750 (full 3):
 PSYoungGen      total 8704K, used 8688K [0x00000000d5580000, 0x00000000d6a00000, 0x0000000100000000)
  eden space 4096K, 99% used [0x00000000d5580000,0x00000000d597fff8,0x00000000d5980000)
  from space 4608K, 99% used [0x00000000d6080000,0x00000000d64fc0a0,0x00000000d6500000)
  to   space 7168K, 0% used [0x00000000d5980000,0x00000000d5980000,0x00000000d6080000)
 ParOldGen       total 917504K, used 917161K [0x0000000080000000, 0x00000000b8000000, 0x00000000d5580000)
  object space 917504K, 99% used [0x0000000080000000,0x00000000b7faa6c8,0x00000000b8000000)
 Metaspace       used 71408K, committed 72832K, reserved 1114112K
  class space    used 7323K, committed 8000K, reserved 1048576K
}
Event: 774.213 GC heap after
{Heap after GC invocations=750 (full 3):
 PSYoungGen      total 4608K, used 480K [0x00000000d5580000, 0x00000000d6100000, 0x0000000100000000)
  eden space 4096K, 0% used [0x00000000d5580000,0x00000000d5580000,0x00000000d5980000)
  from space 512K, 93% used [0x00000000d5980000,0x00000000d59f8020,0x00000000d5a00000)
  to   space 3072K, 0% used [0x00000000d5e00000,0x00000000d5e00000,0x00000000d6100000)
 ParOldGen       total 917504K, used 917185K [0x0000000080000000, 0x00000000b8000000, 0x00000000d5580000)
  object space 917504K, 99% used [0x0000000080000000,0x00000000b7fb06c8,0x00000000b8000000)
 Metaspace       used 71408K, committed 72832K, reserved 1114112K
  class space    used 7323K, committed 8000K, reserved 1048576K
}
Event: 774.231 GC heap before
{Heap before GC invocations=751 (full 3):
 PSYoungGen      total 4608K, used 4576K [0x00000000d5580000, 0x00000000d6100000, 0x0000000100000000)
  eden space 4096K, 100% used [0x00000000d5580000,0x00000000d5980000,0x00000000d5980000)
  from space 512K, 93% used [0x00000000d5980000,0x00000000d59f8020,0x00000000d5a00000)
  to   space 3072K, 0% used [0x00000000d5e00000,0x00000000d5e00000,0x00000000d6100000)
 ParOldGen       total 917504K, used 917185K [0x0000000080000000, 0x00000000b8000000, 0x00000000d5580000)
  object space 917504K, 99% used [0x0000000080000000,0x00000000b7fb06c8,0x00000000b8000000)
 Metaspace       used 71411K, committed 72832K, reserved 1114112K
  class space    used 7323K, committed 8000K, reserved 1048576K
}
Event: 774.233 GC heap after
{Heap after GC invocations=751 (full 3):
 PSYoungGen      total 4608K, used 256K [0x00000000d5580000, 0x00000000d5e80000, 0x0000000100000000)
  eden space 4096K, 0% used [0x00000000d5580000,0x00000000d5580000,0x00000000d5980000)
  from space 512K, 50% used [0x00000000d5e00000,0x00000000d5e40000,0x00000000d5e80000)
  to   space 1024K, 0% used [0x00000000d5c80000,0x00000000d5c80000,0x00000000d5d80000)
 ParOldGen       total 917504K, used 917313K [0x0000000080000000, 0x00000000b8000000, 0x00000000d5580000)
  object space 917504K, 99% used [0x0000000080000000,0x00000000b7fd06e8,0x00000000b8000000)
 Metaspace       used 71411K, committed 72832K, reserved 1114112K
  class space    used 7323K, committed 8000K, reserved 1048576K
}

Dll operation events (10 events):
Event: 0.011 Loaded shared library c:\Users\jamed\.vscode\extensions\redhat.java-1.44.0-win32-x64\jre\21.0.8-win32-x86_64\bin\java.dll
Event: 0.107 Loaded shared library c:\Users\jamed\.vscode\extensions\redhat.java-1.44.0-win32-x64\jre\21.0.8-win32-x86_64\bin\zip.dll
Event: 0.133 Loaded shared library C:\Users\jamed\.vscode\extensions\redhat.java-1.44.0-win32-x64\jre\21.0.8-win32-x86_64\bin\instrument.dll
Event: 0.139 Loaded shared library C:\Users\jamed\.vscode\extensions\redhat.java-1.44.0-win32-x64\jre\21.0.8-win32-x86_64\bin\net.dll
Event: 0.142 Loaded shared library C:\Users\jamed\.vscode\extensions\redhat.java-1.44.0-win32-x64\jre\21.0.8-win32-x86_64\bin\nio.dll
Event: 0.147 Loaded shared library C:\Users\jamed\.vscode\extensions\redhat.java-1.44.0-win32-x64\jre\21.0.8-win32-x86_64\bin\zip.dll
Event: 0.180 Loaded shared library C:\Users\jamed\.vscode\extensions\redhat.java-1.44.0-win32-x64\jre\21.0.8-win32-x86_64\bin\jimage.dll
Event: 0.307 Loaded shared library c:\Users\jamed\.vscode\extensions\redhat.java-1.44.0-win32-x64\jre\21.0.8-win32-x86_64\bin\verify.dll
Event: 1.572 Loaded shared library C:\Users\jamed\AppData\Roaming\Code\User\globalStorage\redhat.java\1.44.0\config_win\org.eclipse.equinox.launcher\org.eclipse.equinox.launcher.win32.win32.x86_64_1.2.1400.v20250730-1736\eclipse_11913.dll
Event: 3.064 Loaded shared library C:\Users\jamed\AppData\Local\Temp\jna-100890933\jna11267061178199659939.dll

Deoptimization events (20 events):
Event: 417.983 Thread 0x000002d827b9c0c0 Uncommon trap: trap_request=0xffffff45 fr.pc=0x000002d7bc5af7fc relative=0x000000000000027c
Event: 417.983 Thread 0x000002d827b9c0c0 Uncommon trap: reason=unstable_if action=reinterpret pc=0x000002d7bc5af7fc method=org.eclipse.jdt.internal.core.index.DiskIndex.addQueryResults([[C[CILorg/eclipse/jdt/internal/core/index/MemoryIndex;)Lorg/eclipse/jdt/internal/compiler/util/HashtableOfObje
Event: 417.983 Thread 0x000002d827b9c0c0 DEOPT PACKING pc=0x000002d7bc5af7fc sp=0x000000df3f5fecb0
Event: 417.983 Thread 0x000002d827b9c0c0 DEOPT UNPACKING pc=0x000002d7bb223aa2 sp=0x000000df3f5fec40 mode 2
Event: 417.992 Thread 0x000002d827b9a680 DEOPT PACKING pc=0x000002d7b5bc0fd6 sp=0x000000df3f4fe6a0
Event: 417.992 Thread 0x000002d827b9a680 DEOPT UNPACKING pc=0x000002d7bb224242 sp=0x000000df3f4fdc18 mode 0
Event: 417.992 Thread 0x000002d827b9c0c0 DEOPT PACKING pc=0x000002d7b5bc0fd6 sp=0x000000df3f5febb0
Event: 417.992 Thread 0x000002d827b9c0c0 DEOPT UNPACKING pc=0x000002d7bb224242 sp=0x000000df3f5fe128 mode 0
Event: 465.772 Thread 0x000002d827b9c0c0 DEOPT PACKING pc=0x000002d7b5bc0fd6 sp=0x000000df3f5febb0
Event: 465.772 Thread 0x000002d827b9c0c0 DEOPT UNPACKING pc=0x000002d7bb224242 sp=0x000000df3f5fe128 mode 0
Event: 465.773 Thread 0x000002d827b9a680 DEOPT PACKING pc=0x000002d7b5bc0fd6 sp=0x000000df3f4fe6a0
Event: 465.773 Thread 0x000002d827b9a680 DEOPT UNPACKING pc=0x000002d7bb224242 sp=0x000000df3f4fdc18 mode 0
Event: 465.790 Thread 0x000002d827b9a680 DEOPT PACKING pc=0x000002d7b5bc0f6d sp=0x000000df3f4fe6a0
Event: 465.790 Thread 0x000002d827b9a680 DEOPT UNPACKING pc=0x000002d7bb224242 sp=0x000000df3f4fdc18 mode 0
Event: 465.801 Thread 0x000002d827b98c40 DEOPT PACKING pc=0x000002d7b5bc0fd6 sp=0x000000df3f2feb40
Event: 465.801 Thread 0x000002d827b98c40 DEOPT UNPACKING pc=0x000002d7bb224242 sp=0x000000df3f2fe0b8 mode 0
Event: 465.801 Thread 0x000002d827b9a680 DEOPT PACKING pc=0x000002d7b5bc0fd6 sp=0x000000df3f4fe6a0
Event: 465.801 Thread 0x000002d827b9a680 DEOPT UNPACKING pc=0x000002d7bb224242 sp=0x000000df3f4fdc18 mode 0
Event: 774.204 Thread 0x000002d813ef0b50 DEOPT PACKING pc=0x000002d7b54240f9 sp=0x000000df3cdfdce0
Event: 774.204 Thread 0x000002d813ef0b50 DEOPT UNPACKING pc=0x000002d7bb224242 sp=0x000000df3cdfd1c8 mode 0

Classes loaded (20 events):
Event: 31.435 Loading class sun/util/resources/TimeZoneNames
Event: 31.436 Loading class sun/util/resources/TimeZoneNames done
Event: 31.437 Loading class sun/util/resources/TimeZoneNames_en
Event: 31.437 Loading class sun/util/resources/TimeZoneNames_en done
Event: 308.709 Loading class java/util/stream/Nodes$CollectorTask$OfRef
Event: 308.709 Loading class java/util/stream/Nodes$CollectorTask
Event: 308.709 Loading class java/util/stream/Nodes$CollectorTask done
Event: 308.709 Loading class java/util/stream/Nodes$CollectorTask$OfRef done
Event: 308.709 Loading class java/util/function/LongFunction
Event: 308.709 Loading class java/util/function/LongFunction done
Event: 308.709 Loading class java/util/stream/Nodes$ConcNode
Event: 308.709 Loading class java/util/stream/Nodes$AbstractConcNode
Event: 308.709 Loading class java/util/stream/Nodes$AbstractConcNode done
Event: 308.709 Loading class java/util/stream/Nodes$ConcNode done
Event: 308.713 Loading class java/io/ObjectOutputStream$BlockDataOutputStream
Event: 308.713 Loading class java/io/ObjectOutputStream$BlockDataOutputStream done
Event: 308.713 Loading class java/io/ObjectOutputStream$HandleTable
Event: 308.714 Loading class java/io/ObjectOutputStream$HandleTable done
Event: 308.714 Loading class java/io/ObjectOutputStream$ReplaceTable
Event: 308.714 Loading class java/io/ObjectOutputStream$ReplaceTable done

Classes unloaded (12 events):
Event: 3.628 Thread 0x000002d7b0c2fb30 Unloading class 0x000002d7c91aa000 'java/lang/invoke/LambdaForm$MH+0x000002d7c91aa000'
Event: 3.628 Thread 0x000002d7b0c2fb30 Unloading class 0x000002d7c91a9c00 'java/lang/invoke/LambdaForm$MH+0x000002d7c91a9c00'
Event: 3.628 Thread 0x000002d7b0c2fb30 Unloading class 0x000002d7c91a9800 'java/lang/invoke/LambdaForm$MH+0x000002d7c91a9800'
Event: 3.628 Thread 0x000002d7b0c2fb30 Unloading class 0x000002d7c91a9400 'java/lang/invoke/LambdaForm$MH+0x000002d7c91a9400'
Event: 3.628 Thread 0x000002d7b0c2fb30 Unloading class 0x000002d7c91a9000 'java/lang/invoke/LambdaForm$BMH+0x000002d7c91a9000'
Event: 3.628 Thread 0x000002d7b0c2fb30 Unloading class 0x000002d7c91a8c00 'java/lang/invoke/LambdaForm$DMH+0x000002d7c91a8c00'
Event: 3.628 Thread 0x000002d7b0c2fb30 Unloading class 0x000002d7c91a3800 'java/lang/invoke/LambdaForm$DMH+0x000002d7c91a3800'
Event: 5.302 Thread 0x000002d7b0c2fb30 Unloading class 0x000002d7c933c000 'java/lang/invoke/LambdaForm$MH+0x000002d7c933c000'
Event: 5.302 Thread 0x000002d7b0c2fb30 Unloading class 0x000002d7c933b800 'java/lang/invoke/LambdaForm$MH+0x000002d7c933b800'
Event: 5.302 Thread 0x000002d7b0c2fb30 Unloading class 0x000002d7c933b000 'java/lang/invoke/LambdaForm$MH+0x000002d7c933b000'
Event: 5.302 Thread 0x000002d7b0c2fb30 Unloading class 0x000002d7c933a800 'java/lang/invoke/LambdaForm$DMH+0x000002d7c933a800'
Event: 5.302 Thread 0x000002d7b0c2fb30 Unloading class 0x000002d7c9339c00 'java/lang/invoke/LambdaForm$MH+0x000002d7c9339c00'

Classes redefined (0 events):
No events

Internal exceptions (20 events):
Event: 17.668 Thread 0x000002d813ef3940 Exception <a 'sun/nio/fs/WindowsException'{0x00000000d5811100}> (0x00000000d5811100) 
thrown [s\src\hotspot\share\prims\jni.cpp, line 520]
Event: 17.669 Thread 0x000002d813ef3940 Exception <a 'sun/nio/fs/WindowsException'{0x00000000d58124f8}> (0x00000000d58124f8) 
thrown [s\src\hotspot\share\prims\jni.cpp, line 520]
Event: 17.669 Thread 0x000002d813ef3940 Exception <a 'sun/nio/fs/WindowsException'{0x00000000d5835ec8}> (0x00000000d5835ec8) 
thrown [s\src\hotspot\share\prims\jni.cpp, line 520]
Event: 17.711 Thread 0x000002d813ef2590 Exception <a 'sun/nio/fs/WindowsException'{0x00000000d57ff670}> (0x00000000d57ff670) 
thrown [s\src\hotspot\share\prims\jni.cpp, line 520]
Event: 18.362 Thread 0x000002d813ef3fd0 Exception <a 'java/lang/NoSuchMethodError'{0x00000000d56e67b0}: 'int java.lang.invoke.DirectMethodHandle$Holder.invokeVirtual(java.lang.Object, java.lang.Object, java.lang.Object, int)'> (0x00000000d56e67b0) 
thrown [s\src\hotspot\share\interpreter\linkResolver.cpp, line 773]
Event: 18.370 Thread 0x000002d813ef3fd0 Exception <a 'java/lang/NoSuchMethodError'{0x00000000d570b790}: 'void java.lang.invoke.DirectMethodHandle$Holder.invokeSpecial(java.lang.Object, java.lang.Object, int)'> (0x00000000d570b790) 
thrown [s\src\hotspot\share\interpreter\linkResolver.cpp, line 773]
Event: 22.285 Thread 0x000002d813ef3fd0 Exception <a 'java/lang/ClassNotFoundException'{0x00000000d5715898}: sun/net/www/protocol/jdt/Handler> (0x00000000d5715898) 
thrown [s\src\hotspot\share\classfile\systemDictionary.cpp, line 312]
Event: 22.285 Thread 0x000002d813ef3fd0 Exception <a 'java/lang/ClassNotFoundException'{0x00000000d5717d10}: sun/net/www/protocol/jdt/Handler> (0x00000000d5717d10) 
thrown [s\src\hotspot\share\classfile\systemDictionary.cpp, line 312]
Event: 22.285 Thread 0x000002d813ef3fd0 Exception <a 'java/lang/ClassNotFoundException'{0x00000000d571a398}: sun/net/www/protocol/jdt/Handler> (0x00000000d571a398) 
thrown [s\src\hotspot\share\classfile\systemDictionary.cpp, line 312]
Event: 22.286 Thread 0x000002d813ef3fd0 Exception <a 'java/lang/ClassNotFoundException'{0x00000000d571e728}: sun/net/www/protocol/jdt/Handler> (0x00000000d571e728) 
thrown [s\src\hotspot\share\classfile\systemDictionary.cpp, line 312]
Event: 22.286 Thread 0x000002d813ef3fd0 Exception <a 'java/lang/ClassNotFoundException'{0x00000000d5724928}: sun/net/www/protocol/jdt/Handler> (0x00000000d5724928) 
thrown [s\src\hotspot\share\classfile\systemDictionary.cpp, line 312]
Event: 25.105 Thread 0x000002d812b25fa0 Exception <a 'java/lang/IncompatibleClassChangeError'{0x00000000d56d30f8}: Found class java.lang.Object, but interface was expected> (0x00000000d56d30f8) 
thrown [s\src\hotspot\share\interpreter\linkResolver.cpp, line 840]
Event: 25.115 Thread 0x000002d813ef3fd0 Exception <a 'java/lang/NoSuchMethodError'{0x00000000d573c838}: 'java.lang.Object java.lang.invoke.DirectMethodHandle$Holder.invokeSpecial(java.lang.Object, java.lang.Object, java.lang.Object, java.lang.Object, int, java.lang.Object, java.lang.Object)'> (0x00000000d573c838) 
thrown [s\src\hotspot\share\interpreter\linkResolver.cpp, line 773]
Event: 30.537 Thread 0x000002d827b99ff0 Exception <a 'java/lang/NoSuchMethodError'{0x00000000d568ef20}: 'java.lang.Object java.lang.invoke.DirectMethodHandle$Holder.invokeStatic(java.lang.Object, int, java.lang.Object)'> (0x00000000d568ef20) 
thrown [s\src\hotspot\share\interpreter\linkResolver.cpp, line 773]
Event: 30.598 Thread 0x000002d827b99ff0 Exception <a 'java/lang/ClassNotFoundException'{0x00000000d57261c8}: sun/net/www/protocol/eclipse-javadoc/Handler> (0x00000000d57261c8) 
thrown [s\src\hotspot\share\classfile\systemDictionary.cpp, line 312]
Event: 30.598 Thread 0x000002d827b99ff0 Exception <a 'java/lang/ClassNotFoundException'{0x00000000d57478a0}: sun/net/www/protocol/eclipse-javadoc/Handler> (0x00000000d57478a0) 
thrown [s\src\hotspot\share\classfile\systemDictionary.cpp, line 312]
Event: 30.803 Thread 0x000002d813ef3fd0 Exception <a 'java/lang/ClassNotFoundException'{0x00000000d565b458}: sun/net/www/protocol/eclipse-javadoc/Handler> (0x00000000d565b458) 
thrown [s\src\hotspot\share\classfile\systemDictionary.cpp, line 312]
Event: 30.803 Thread 0x000002d813ef3fd0 Exception <a 'java/lang/ClassNotFoundException'{0x00000000d565d978}: sun/net/www/protocol/eclipse-javadoc/Handler> (0x00000000d565d978) 
thrown [s\src\hotspot\share\classfile\systemDictionary.cpp, line 312]
Event: 308.717 Thread 0x000002d812908c30 Implicit null exception at 0x000002d7bc517dfa to 0x000002d7bc518e6c
Event: 308.718 Thread 0x000002d812908c30 Exception <a 'java/lang/NoSuchMethodError'{0x00000000d5b18bb0}: 'java.lang.Object java.lang.invoke.DirectMethodHandle$Holder.newInvokeSpecial(java.lang.Object, java.lang.Object, java.lang.Object, java.lang.Object, java.lang.Object, java.lang.Object, java.lang.Object, java.lang.Object)'> (0x00000000d5b18bb0) 
thrown [s\src\hotspot\share\interpreter\linkResolver.cpp, line 773]

ZGC Phase Switch (0 events):
No events

VM Operations (20 events):
Event: 2104.987 Executing VM operation: HandshakeAllThreads (HandshakeForDeflation)
Event: 2104.987 Executing VM operation: HandshakeAllThreads (HandshakeForDeflation) done
Event: 2104.987 Executing VM operation: RendezvousGCThreads
Event: 2104.987 Executing VM operation: RendezvousGCThreads done
Event: 2165.096 Executing VM operation: HandshakeAllThreads (HandshakeForDeflation)
Event: 2165.096 Executing VM operation: HandshakeAllThreads (HandshakeForDeflation) done
Event: 2165.096 Executing VM operation: RendezvousGCThreads
Event: 2165.096 Executing VM operation: RendezvousGCThreads done
Event: 2225.314 Executing VM operation: HandshakeAllThreads (HandshakeForDeflation)
Event: 2225.314 Executing VM operation: HandshakeAllThreads (HandshakeForDeflation) done
Event: 2225.314 Executing VM operation: RendezvousGCThreads
Event: 2225.314 Executing VM operation: RendezvousGCThreads done
Event: 2285.553 Executing VM operation: HandshakeAllThreads (HandshakeForDeflation)
Event: 2285.553 Executing VM operation: HandshakeAllThreads (HandshakeForDeflation) done
Event: 2285.553 Executing VM operation: RendezvousGCThreads
Event: 2285.553 Executing VM operation: RendezvousGCThreads done
Event: 2345.602 Executing VM operation: HandshakeAllThreads (HandshakeForDeflation)
Event: 2345.602 Executing VM operation: HandshakeAllThreads (HandshakeForDeflation) done
Event: 2345.602 Executing VM operation: RendezvousGCThreads
Event: 2345.602 Executing VM operation: RendezvousGCThreads done

Memory protections (0 events):
No events

Nmethod flushes (20 events):
Event: 12.154 Thread 0x000002d7b0c2fb30 flushing  nmethod 0x000002d7b46fff10
Event: 12.154 Thread 0x000002d7b0c2fb30 flushing  nmethod 0x000002d7b4700e10
Event: 12.154 Thread 0x000002d7b0c2fb30 flushing  nmethod 0x000002d7b4701410
Event: 12.154 Thread 0x000002d7b0c2fb30 flushing  nmethod 0x000002d7b4701c90
Event: 12.154 Thread 0x000002d7b0c2fb30 flushing  nmethod 0x000002d7b4703a90
Event: 12.154 Thread 0x000002d7b0c2fb30 flushing  nmethod 0x000002d7b4711d10
Event: 12.154 Thread 0x000002d7b0c2fb30 flushing  nmethod 0x000002d7b4729c90
Event: 12.154 Thread 0x000002d7b0c2fb30 flushing  nmethod 0x000002d7b474db10
Event: 12.154 Thread 0x000002d7b0c2fb30 flushing  nmethod 0x000002d7b475ac90
Event: 12.154 Thread 0x000002d7b0c2fb30 flushing  nmethod 0x000002d7b476af10
Event: 12.154 Thread 0x000002d7b0c2fb30 flushing  nmethod 0x000002d7b478fa90
Event: 12.154 Thread 0x000002d7b0c2fb30 flushing  nmethod 0x000002d7b479f290
Event: 12.154 Thread 0x000002d7b0c2fb30 flushing  nmethod 0x000002d7b47a0b90
Event: 12.154 Thread 0x000002d7b0c2fb30 flushing  nmethod 0x000002d7b47a1590
Event: 12.154 Thread 0x000002d7b0c2fb30 flushing  nmethod 0x000002d7b47a1a10
Event: 12.154 Thread 0x000002d7b0c2fb30 flushing  nmethod 0x000002d7b47a1d90
Event: 12.154 Thread 0x000002d7b0c2fb30 flushing  nmethod 0x000002d7b47a3890
Event: 12.154 Thread 0x000002d7b0c2fb30 flushing  nmethod 0x000002d7b47a4290
Event: 12.154 Thread 0x000002d7b0c2fb30 flushing  nmethod 0x000002d7b47a4c90
Event: 12.154 Thread 0x000002d7b0c2fb30 flushing  nmethod 0x000002d7b47af310

Events (20 events):
Event: 311.132 Thread 0x000002d8142a60d0 Thread exited: 0x000002d8142a60d0
Event: 311.174 Thread 0x000002d8142a53b0 Thread exited: 0x000002d8142a53b0
Event: 311.174 Thread 0x000002d827b99960 Thread exited: 0x000002d827b99960
Event: 311.206 Thread 0x000002d812b279e0 Thread exited: 0x000002d812b279e0
Event: 333.872 Thread 0x000002d813ef3fd0 Thread exited: 0x000002d813ef3fd0
Event: 371.215 Thread 0x000002d812b24bf0 Thread exited: 0x000002d812b24bf0
Event: 431.220 Thread 0x000002d812b28d90 Thread exited: 0x000002d812b28d90
Event: 491.233 Thread 0x000002d812b29ab0 Thread exited: 0x000002d812b29ab0
Event: 525.811 Thread 0x000002d813ef1870 Thread exited: 0x000002d813ef1870
Event: 585.812 Thread 0x000002d827b9a680 Thread exited: 0x000002d827b9a680
Event: 645.822 Thread 0x000002d827b98c40 Thread exited: 0x000002d827b98c40
Event: 705.839 Thread 0x000002d827b9c0c0 Thread exited: 0x000002d827b9c0c0
Event: 765.846 Thread 0x000002d813ef04c0 Thread exited: 0x000002d813ef04c0
Event: 774.190 Thread 0x000002d813ef0b50 Thread added: 0x000002d813ef1870
Event: 774.203 Thread 0x000002d7b0c4dc00 Thread added: 0x000002d812428d80
Event: 774.349 Thread 0x000002d7b0c41e40 Thread added: 0x000002d812429b20
Event: 779.255 Thread 0x000002d812428d80 Thread exited: 0x000002d812428d80
Event: 779.363 Thread 0x000002d812429b20 Thread exited: 0x000002d812429b20
Event: 834.260 Thread 0x000002d813ef0b50 Thread exited: 0x000002d813ef0b50
Event: 894.267 Thread 0x000002d813ef1870 Thread exited: 0x000002d813ef1870


Dynamic libraries:
0x00007ff6ec020000 - 0x00007ff6ec02e000 	c:\Users\jamed\.vscode\extensions\redhat.java-1.44.0-win32-x64\jre\21.0.8-win32-x86_64\bin\java.exe
0x00007ff9abe00000 - 0x00007ff9ac067000 	C:\WINDOWS\SYSTEM32\ntdll.dll
0x00007ff9aa8d0000 - 0x00007ff9aa999000 	C:\WINDOWS\System32\KERNEL32.DLL
0x00007ff9a8f30000 - 0x00007ff9a9320000 	C:\WINDOWS\System32\KERNELBASE.dll
0x00007ff9a98d0000 - 0x00007ff9a9a1b000 	C:\WINDOWS\System32\ucrtbase.dll
0x00007ff98c9f0000 - 0x00007ff98ca0e000 	c:\Users\jamed\.vscode\extensions\redhat.java-1.44.0-win32-x64\jre\21.0.8-win32-x86_64\bin\VCRUNTIME140.dll
0x00007ff98cd10000 - 0x00007ff98cd28000 	c:\Users\jamed\.vscode\extensions\redhat.java-1.44.0-win32-x64\jre\21.0.8-win32-x86_64\bin\jli.dll
0x00007ff9aa110000 - 0x00007ff9aa2d5000 	C:\WINDOWS\System32\USER32.dll
0x00007ff995350000 - 0x00007ff9955ea000 	C:\WINDOWS\WinSxS\amd64_microsoft.windows.common-controls_6595b64144ccf1df_6.0.26100.4768_none_3e0c112ce331287c\COMCTL32.dll
0x00007ff9a9720000 - 0x00007ff9a9747000 	C:\WINDOWS\System32\win32u.dll
0x00007ff9aac60000 - 0x00007ff9aad09000 	C:\WINDOWS\System32\msvcrt.dll
0x00007ff9aaf10000 - 0x00007ff9aaf3b000 	C:\WINDOWS\System32\GDI32.dll
0x00007ff9a95e0000 - 0x00007ff9a9718000 	C:\WINDOWS\System32\gdi32full.dll
0x00007ff9a9a20000 - 0x00007ff9a9ac3000 	C:\WINDOWS\System32\msvcp_win.dll
0x00007ff9aa2e0000 - 0x00007ff9aa30f000 	C:\WINDOWS\System32\IMM32.DLL
0x00007ff9969c0000 - 0x00007ff9969cc000 	c:\Users\jamed\.vscode\extensions\redhat.java-1.44.0-win32-x64\jre\21.0.8-win32-x86_64\bin\vcruntime140_1.dll
0x00007ff987b60000 - 0x00007ff987bed000 	c:\Users\jamed\.vscode\extensions\redhat.java-1.44.0-win32-x64\jre\21.0.8-win32-x86_64\bin\msvcp140.dll
0x00007ff908990000 - 0x00007ff909727000 	c:\Users\jamed\.vscode\extensions\redhat.java-1.44.0-win32-x64\jre\21.0.8-win32-x86_64\bin\server\jvm.dll
0x00007ff9aa810000 - 0x00007ff9aa8c4000 	C:\WINDOWS\System32\ADVAPI32.dll
0x00007ff9aae60000 - 0x00007ff9aaf06000 	C:\WINDOWS\System32\sechost.dll
0x00007ff9ab540000 - 0x00007ff9ab658000 	C:\WINDOWS\System32\RPCRT4.dll
0x00007ff9aa090000 - 0x00007ff9aa104000 	C:\WINDOWS\System32\WS2_32.dll
0x00007ff9a8db0000 - 0x00007ff9a8e0e000 	C:\WINDOWS\SYSTEM32\POWRPROF.dll
0x00007ff9a17c0000 - 0x00007ff9a17cb000 	C:\WINDOWS\SYSTEM32\VERSION.dll
0x00007ff9a68a0000 - 0x00007ff9a68d5000 	C:\WINDOWS\SYSTEM32\WINMM.dll
0x00007ff9a8d90000 - 0x00007ff9a8da4000 	C:\WINDOWS\SYSTEM32\UMPDC.dll
0x00007ff9a7c50000 - 0x00007ff9a7c6b000 	C:\WINDOWS\SYSTEM32\kernel.appcore.dll
0x00007ff995bf0000 - 0x00007ff995bfa000 	c:\Users\jamed\.vscode\extensions\redhat.java-1.44.0-win32-x64\jre\21.0.8-win32-x86_64\bin\jimage.dll
0x00007ff9a6650000 - 0x00007ff9a6891000 	C:\WINDOWS\SYSTEM32\DBGHELP.DLL
0x00007ff9a9c80000 - 0x00007ff9aa005000 	C:\WINDOWS\System32\combase.dll
0x00007ff9a9b90000 - 0x00007ff9a9c70000 	C:\WINDOWS\System32\OLEAUT32.dll
0x00007ff9a6600000 - 0x00007ff9a6643000 	C:\WINDOWS\SYSTEM32\dbgcore.DLL
0x00007ff9a94b0000 - 0x00007ff9a9549000 	C:\WINDOWS\System32\bcryptPrimitives.dll
0x00007ff995820000 - 0x00007ff99582f000 	c:\Users\jamed\.vscode\extensions\redhat.java-1.44.0-win32-x64\jre\21.0.8-win32-x86_64\bin\instrument.dll
0x00007ff9859a0000 - 0x00007ff9859bf000 	c:\Users\jamed\.vscode\extensions\redhat.java-1.44.0-win32-x64\jre\21.0.8-win32-x86_64\bin\java.dll
0x00007ff9ab670000 - 0x00007ff9abdbd000 	C:\WINDOWS\System32\SHELL32.dll
0x00007ff9a9330000 - 0x00007ff9a94a3000 	C:\WINDOWS\System32\wintypes.dll
0x00007ff9a6b10000 - 0x00007ff9a7370000 	C:\WINDOWS\SYSTEM32\windows.storage.dll
0x00007ff9aa3a0000 - 0x00007ff9aa495000 	C:\WINDOWS\System32\SHCORE.dll
0x00007ff9aa790000 - 0x00007ff9aa7fa000 	C:\WINDOWS\System32\shlwapi.dll
0x00007ff9a8e50000 - 0x00007ff9a8e79000 	C:\WINDOWS\SYSTEM32\profapi.dll
0x00007ff985480000 - 0x00007ff985498000 	c:\Users\jamed\.vscode\extensions\redhat.java-1.44.0-win32-x64\jre\21.0.8-win32-x86_64\bin\zip.dll
0x00007ff990050000 - 0x00007ff990060000 	C:\Users\jamed\.vscode\extensions\redhat.java-1.44.0-win32-x64\jre\21.0.8-win32-x86_64\bin\net.dll
0x00007ff9a15c0000 - 0x00007ff9a16de000 	C:\WINDOWS\SYSTEM32\WINHTTP.dll
0x00007ff9a8240000 - 0x00007ff9a82ab000 	C:\WINDOWS\system32\mswsock.dll
0x00007ff985460000 - 0x00007ff985476000 	C:\Users\jamed\.vscode\extensions\redhat.java-1.44.0-win32-x64\jre\21.0.8-win32-x86_64\bin\nio.dll
0x00007ff98fcc0000 - 0x00007ff98fcd0000 	c:\Users\jamed\.vscode\extensions\redhat.java-1.44.0-win32-x64\jre\21.0.8-win32-x86_64\bin\verify.dll
0x00007ff979050000 - 0x00007ff979095000 	C:\Users\jamed\AppData\Roaming\Code\User\globalStorage\redhat.java\1.44.0\config_win\org.eclipse.equinox.launcher\org.eclipse.equinox.launcher.win32.win32.x86_64_1.2.1400.v20250730-1736\eclipse_11913.dll
0x00007ff9aa9a0000 - 0x00007ff9aab40000 	C:\WINDOWS\System32\ole32.dll
0x00007ff9a8500000 - 0x00007ff9a851b000 	C:\WINDOWS\SYSTEM32\CRYPTSP.dll
0x00007ff9a7c10000 - 0x00007ff9a7c4b000 	C:\WINDOWS\system32\rsaenh.dll
0x00007ff9a82e0000 - 0x00007ff9a830b000 	C:\WINDOWS\SYSTEM32\USERENV.dll
0x00007ff9a8e20000 - 0x00007ff9a8e46000 	C:\WINDOWS\SYSTEM32\bcrypt.dll
0x00007ff9a8520000 - 0x00007ff9a852c000 	C:\WINDOWS\SYSTEM32\CRYPTBASE.dll
0x00007ff9a76a0000 - 0x00007ff9a76d3000 	C:\WINDOWS\SYSTEM32\IPHLPAPI.DLL
0x00007ff9aae20000 - 0x00007ff9aae2a000 	C:\WINDOWS\System32\NSI.dll
0x00007ff977280000 - 0x00007ff9772c9000 	C:\Users\jamed\AppData\Local\Temp\jna-100890933\jna11267061178199659939.dll
0x00007ff9aa340000 - 0x00007ff9aa348000 	C:\WINDOWS\System32\PSAPI.DLL
0x00007ff9a17d0000 - 0x00007ff9a17ef000 	C:\WINDOWS\SYSTEM32\dhcpcsvc6.DLL
0x00007ff9a1740000 - 0x00007ff9a1765000 	C:\WINDOWS\SYSTEM32\dhcpcsvc.DLL

JVMTI agents:
c:\Users\jamed\.vscode\extensions\redhat.java-1.44.0-win32-x64\lombok\lombok-1.18.39-4050.jar path:c:\Users\jamed\.vscode\extensions\redhat.java-1.44.0-win32-x64\jre\21.0.8-win32-x86_64\bin\instrument.dll, loaded, initialized, instrumentlib options:none

dbghelp: loaded successfully - version: 4.0.5 - missing functions: none
symbol engine: initialized successfully - sym options: 0x614 - pdb path: .;c:\Users\jamed\.vscode\extensions\redhat.java-1.44.0-win32-x64\jre\21.0.8-win32-x86_64\bin;C:\WINDOWS\SYSTEM32;C:\WINDOWS\WinSxS\amd64_microsoft.windows.common-controls_6595b64144ccf1df_6.0.26100.4768_none_3e0c112ce331287c;c:\Users\jamed\.vscode\extensions\redhat.java-1.44.0-win32-x64\jre\21.0.8-win32-x86_64\bin\server;C:\Users\jamed\AppData\Roaming\Code\User\globalStorage\redhat.java\1.44.0\config_win\org.eclipse.equinox.launcher\org.eclipse.equinox.launcher.win32.win32.x86_64_1.2.1400.v20250730-1736;C:\Users\jamed\AppData\Local\Temp\jna-100890933

VM Arguments:
jvm_args: --add-modules=ALL-SYSTEM --add-opens=java.base/java.util=ALL-UNNAMED --add-opens=java.base/java.lang=ALL-UNNAMED --add-opens=java.base/sun.nio.fs=ALL-UNNAMED -Declipse.application=org.eclipse.jdt.ls.core.id1 -Dosgi.bundles.defaultStartLevel=4 -Declipse.product=org.eclipse.jdt.ls.core.product -Djava.import.generatesMetadataFilesAtProjectRoot=false -DDetectVMInstallationsJob.disabled=true -Dfile.encoding=utf8 -XX:+UseParallelGC -XX:GCTimeRatio=4 -XX:AdaptiveSizePolicyWeight=90 -Dsun.zip.disableMemoryMapping=true -Xmx2G -Xms100m -Xlog:disable -javaagent:c:\Users\jamed\.vscode\extensions\redhat.java-1.44.0-win32-x64\lombok\lombok-1.18.39-4050.jar -XX:+HeapDumpOnOutOfMemoryError -XX:HeapDumpPath=c:\Users\jamed\AppData\Roaming\Code\User\workspaceStorage\694c31b33b156eb004839e56b4467a95\redhat.java -Daether.dependencyCollector.impl=bf 
java_command: c:\Users\jamed\.vscode\extensions\redhat.java-1.44.0-win32-x64\server\plugins\org.eclipse.equinox.launcher_1.7.0.v20250519-0528.jar -configuration c:\Users\jamed\AppData\Roaming\Code\User\globalStorage\redhat.java\1.44.0\config_win -data c:\Users\jamed\AppData\Roaming\Code\User\workspaceStorage\694c31b33b156eb004839e56b4467a95\redhat.java\jdt_ws --pipe=\\.\pipe\lsp-f4770f4d309ee12e21f5d2863c76829d-sock
java_class_path (initial): c:\Users\jamed\.vscode\extensions\redhat.java-1.44.0-win32-x64\server\plugins\org.eclipse.equinox.launcher_1.7.0.v20250519-0528.jar
Launcher Type: SUN_STANDARD

[Global flags]
    uintx AdaptiveSizePolicyWeight                 = 90                                        {product} {command line}
     intx CICompilerCount                          = 12                                        {product} {ergonomic}
    uintx GCTimeRatio                              = 4                                         {product} {command line}
     bool HeapDumpOnOutOfMemoryError               = true                                   {manageable} {command line}
    ccstr HeapDumpPath                             = c:\Users\jamed\AppData\Roaming\Code\User\workspaceStorage\694c31b33b156eb004839e56b4467a95\redhat.java         {manageable} {command line}
   size_t InitialHeapSize                          = 104857600                                 {product} {command line}
   size_t MaxHeapSize                              = 2147483648                                {product} {command line}
   size_t MaxNewSize                               = 715653120                                 {product} {ergonomic}
   size_t MinHeapDeltaBytes                        = 524288                                    {product} {ergonomic}
   size_t MinHeapSize                              = 104857600                                 {product} {command line}
   size_t NewSize                                  = 34603008                                  {product} {ergonomic}
    uintx NonNMethodCodeHeapSize                   = 7602480                                {pd product} {ergonomic}
    uintx NonProfiledCodeHeapSize                  = 122027880                              {pd product} {ergonomic}
   size_t OldSize                                  = 70254592                                  {product} {ergonomic}
    uintx ProfiledCodeHeapSize                     = 122027880                              {pd product} {ergonomic}
    uintx ReservedCodeCacheSize                    = 251658240                              {pd product} {ergonomic}
     bool SegmentedCodeCache                       = true                                      {product} {ergonomic}
   size_t SoftMaxHeapSize                          = 2147483648                             {manageable} {ergonomic}
     bool UseCompressedOops                        = true                           {product lp64_product} {ergonomic}
     bool UseLargePagesIndividualAllocation        = false                                  {pd product} {ergonomic}
     bool UseParallelGC                            = true                                      {product} {command line}

Logging:
Log output configuration:
 #0: stdout all=off uptime,level,tags foldmultilines=false
 #1: stderr all=off uptime,level,tags foldmultilines=false

Environment Variables:
JAVA_HOME=C:\Program Files\Eclipse Adoptium\jdk-17.0.8.7-hotspot\
PATH=C:\Program Files\Common Files\Oracle\Java\javapath;C:\Program Files\NVIDIA GPU Computing Toolkit\CUDA\v12.6\bin;C:\Program Files\NVIDIA GPU Computing Toolkit\CUDA\v12.6\libnvvp;C:\Program Files\Eclipse Adoptium\jdk-17.0.8.7-hotspot\bin;C:\Program Files (x86)\Common Files\Oracle\Java\javapath;C:\Windows\system32;C:\Windows;C:\Windows\System32\Wbem;C:\Windows\System32\WindowsPowerShell\v1.0\;C:\Windows\System32\OpenSSH\;C:\Program Files (x86)\NVIDIA Corporation\PhysX\Common;C:\Program Files\NVIDIA Corporation\NVIDIA NvDLISR;C:\WINDOWS\system32;C:\WINDOWS;C:\WINDOWS\System32\Wbem;C:\WINDOWS\System32\WindowsPowerShell\v1.0\;C:\WINDOWS\System32\OpenSSH\;C:\Program Files\Git\cmd;C:\MinGW\bin;C:\Program Files\NVIDIA Corporation\Nsight Compute 2024.3.2\;C:\Program Files\dotnet\;C:\Program Files\Docker\Docker\resources\bin;C:\Users\jamed\.cargo\bin;C:\Users\jamed\AppData\Local\Microsoft\WindowsApps;C:\Program Files\JetBrains\PyCharm Community Edition 2022.3.2\bin;;C:\Users\jamed\AppData\Local\Programs\Microsoft VS Code\bin;C:\Users\jamed\AppData\Local\GitHubDesktop\bin;C:\Users\jamed\miniconda3\Scripts;C:\Users\jamed\.rustup;C:\Program Files\NVIDIA GPU Computing Toolkit\CUDA\v12.6\bin;C:\Program Files\Microsoft Visual Studio\2022\Community\VC\Tools\MSVC\14.41.34120\bin\Hostx86\x64;C:\Program Files\Microsoft Visual Studio\2022\Community\VC\Tools\MSVC\14.41.34120\bin;C:\Program Files (x86)\Nmap;C:\Program Files\JetBrains\IntelliJ IDEA 2025.2\bin
USERNAME=jamed
OS=Windows_NT
PROCESSOR_IDENTIFIER=AMD64 Family 23 Model 96 Stepping 1, AuthenticAMD
TMP=C:\Users\jamed\AppData\Local\Temp
TEMP=C:\Users\jamed\AppData\Local\Temp




Periodic native trim disabled

---------------  S Y S T E M  ---------------

OS:
 Windows 11 , 64 bit Build 26100 (10.0.26100.4768)
OS uptime: 0 days 4:20 hours
Hyper-V role detected

CPU: total 16 (initial active 16) (16 cores per cpu, 2 threads per core) family 23 model 96 stepping 1 microcode 0x8600104, cx8, cmov, fxsr, ht, mmx, 3dnowpref, sse, sse2, sse3, ssse3, sse4a, sse4.1, sse4.2, popcnt, lzcnt, tsc, tscinvbit, avx, avx2, aes, clmul, bmi1, bmi2, adx, sha, fma, vzeroupper, clflush, clflushopt, hv, rdtscp, rdpid, f16c
Processor Information for the first 16 processors :
  Max Mhz: 2900, Current Mhz: 2900, Mhz Limit: 2900

Memory: 4k page, system-wide physical 15789M (6199M free)
TotalPageFile size 15789M (AvailPageFile size 26M)
current process WorkingSet (physical memory assigned to process): 597M, peak: 1430M
current process commit charge ("private bytes"): 1258M, peak: 1269M

vm_info: OpenJDK 64-Bit Server VM (21.0.8+9-LTS) for windows-amd64 JRE (21.0.8+9-LTS), built on 2025-07-15T00:00:00Z by "admin" with MS VC++ 17.7 (VS2022)

END.
