#
# There is insufficient memory for the Java Runtime Environment to continue.
# Native memory allocation (mmap) failed to map 260046848 bytes for G1 virtual space
# Possible reasons:
#   The system is out of physical RAM or swap space
#   The process is running with CompressedOops enabled, and the Java Heap may be blocking the growth of the native heap
# Possible solutions:
#   Reduce memory load on the system
#   Increase physical memory or swap space
#   Check if swap backing store is full
#   Decrease Java heap size (-Xmx/-Xms)
#   Decrease number of Java threads
#   Decrease Java thread stack sizes (-Xss)
#   Set larger code cache with -XX:ReservedCodeCacheSize=
#   JVM is running with Zero Based Compressed Oops mode in which the Java heap is
#     placed in the first 32GB address space. The Java Heap base address is the
#     maximum limit for the native heap growth. Please use -XX:HeapBaseMinAddress
#     to set the Java Heap base and to place the Java Heap above 32GB virtual address.
# This output file may be truncated or incomplete.
#
#  Out of Memory Error (os_windows.cpp:3603), pid=24408, tid=7276
#
# JRE version:  (21.0.8+12) (build )
# Java VM: Java HotSpot(TM) 64-Bit Server VM (21.0.8+12-LTS-250, mixed mode, sharing, tiered, compressed oops, compressed class ptrs, g1 gc, windows-amd64)
# No core dump will be written. Minidumps are not enabled by default on client versions of Windows
#

---------------  S U M M A R Y ------------

Command Line: -agentlib:jdwp=transport=dt_socket,server=n,suspend=y,address=localhost:20544 -ea -XX:+ShowCodeDetailsInExceptionMessages TestDoublyLinkedList

Host: AMD Ryzen 7 4800HS with Radeon Graphics         , 16 cores, 15G,  Windows 11 , 64 bit Build 26100 (10.0.26100.4768)
Time: Mon Aug 25 14:36:22 2025 E. Australia Standard Time elapsed time: 1.204144 seconds (0d 0h 0m 1s)

---------------  T H R E A D  ---------------

Current thread (0x00000295f5524f30):  JavaThread "Unknown thread" [_thread_in_vm, id=7276, stack(0x000000e25a500000,0x000000e25a600000) (1024K)]

Stack: [0x000000e25a500000,0x000000e25a600000]
Native frames: (J=compiled Java code, j=interpreted, Vv=VM code, C=native code)
V  [jvm.dll+0x6cc179]
V  [jvm.dll+0x8584c1]
V  [jvm.dll+0x85a9ee]
V  [jvm.dll+0x85b0c3]
V  [jvm.dll+0x27ebf6]
V  [jvm.dll+0x6c88f5]
V  [jvm.dll+0x6bd45a]
V  [jvm.dll+0x354b1a]
V  [jvm.dll+0x35c796]
V  [jvm.dll+0x3af85e]
V  [jvm.dll+0x3afb08]
V  [jvm.dll+0x328e2c]
V  [jvm.dll+0x32998b]
V  [jvm.dll+0x821879]
V  [jvm.dll+0x3bc541]
V  [jvm.dll+0x80aaf8]
V  [jvm.dll+0x45172e]
V  [jvm.dll+0x453321]
C  [jli.dll+0x52a3]
C  [ucrtbase.dll+0x37b0]
C  [KERNEL32.DLL+0x2e8d7]
C  [ntdll.dll+0x3c34c]


---------------  P R O C E S S  ---------------

Threads class SMR info:
_java_thread_list=0x00007ffcf21efc48, length=0, elements={
}

Java Threads: ( => current thread )
Total: 0

Other Threads:
  0x00000295f785c6f0 WorkerThread "GC Thread#0"                     [id=18688, stack(0x000000e25a600000,0x000000e25a700000) (1024K)]
  0x00000295f786cd90 ConcurrentGCThread "G1 Main Marker"            [id=23908, stack(0x000000e25a700000,0x000000e25a800000) (1024K)]
  0x00000295f786e710 WorkerThread "G1 Conc#0"                       [id=4108, stack(0x000000e25a800000,0x000000e25a900000) (1024K)]

[error occurred during error reporting (printing all threads), id 0xc0000005, EXCEPTION_ACCESS_VIOLATION (0xc0000005) at pc=0x00007ffcf195b5b7]
VM state: not at safepoint (not fully initialized)

VM Mutex/Monitor currently owned by a thread:  ([mutex/lock_event])
[0x00007ffcf2260f50] Heap_lock - owner thread: 0x00000295f5524f30

Heap address: 0x0000000709400000, size: 3948 MB, Compressed Oops mode: Zero based, Oop shift amount: 3

CDS archive(s) mapped at: [0x0000000000000000-0x0000000000000000-0x0000000000000000), size 0, SharedBaseAddress: 0x0000000800000000, ArchiveRelocationMode: 1.
Narrow klass base: 0x0000000000000000, Narrow klass shift: 0, Narrow klass range: 0x0

GC Precious Log:
 CardTable entry size: 512
 Card Set container configuration: InlinePtr #cards 4 size 8 Array Of Cards #cards 16 size 48 Howl #buckets 8 coarsen threshold 3686 Howl Bitmap #cards 512 size 80 coarsen threshold 460 Card regions per heap region 1 cards per card region 4096

Heap:
 garbage-first heap   total 0K, used 0K [0x0000000709400000, 0x0000000800000000)
  region size 2048K, 0 young (0K), 0 survivors (0K)

[error occurred during error reporting (printing heap information), id 0xc0000005, EXCEPTION_ACCESS_VIOLATION (0xc0000005) at pc=0x00007ffcf1d451e9]
GC Heap History (0 events):
No events

Dll operation events (1 events):
Event: 0.008 Loaded shared library C:\Program Files\Java\jdk-21\bin\java.dll

Deoptimization events (0 events):
No events

Classes loaded (0 events):
No events

Classes unloaded (0 events):
No events

Classes redefined (0 events):
No events

Internal exceptions (0 events):
No events

ZGC Phase Switch (0 events):
No events

VM Operations (0 events):
No events

Events (0 events):
No events


Dynamic libraries:
0x00007ff704090000 - 0x00007ff7040a0000 	C:\Program Files\Java\jdk-21\bin\java.exe
0x00007ffd7d500000 - 0x00007ffd7d767000 	C:\WINDOWS\SYSTEM32\ntdll.dll
0x00007ffd7c480000 - 0x00007ffd7c549000 	C:\WINDOWS\System32\KERNEL32.DLL
0x00007ffd7ad60000 - 0x00007ffd7b150000 	C:\WINDOWS\System32\KERNELBASE.dll
0x00007ffd7a870000 - 0x00007ffd7a9bb000 	C:\WINDOWS\System32\ucrtbase.dll
0x00007ffd62080000 - 0x00007ffd6209b000 	C:\Program Files\Java\jdk-21\bin\VCRUNTIME140.dll
0x00007ffd60010000 - 0x00007ffd60029000 	C:\Program Files\Java\jdk-21\bin\jli.dll
0x00007ffd7b480000 - 0x00007ffd7b534000 	C:\WINDOWS\System32\ADVAPI32.dll
0x00007ffd7cf00000 - 0x00007ffd7cfa9000 	C:\WINDOWS\System32\msvcrt.dll
0x00007ffd7c5d0000 - 0x00007ffd7c676000 	C:\WINDOWS\System32\sechost.dll
0x00007ffd7cdd0000 - 0x00007ffd7cee8000 	C:\WINDOWS\System32\RPCRT4.dll
0x00007ffd7c1c0000 - 0x00007ffd7c385000 	C:\WINDOWS\System32\USER32.dll
0x00007ffd6a3c0000 - 0x00007ffd6a65a000 	C:\WINDOWS\WinSxS\amd64_microsoft.windows.common-controls_6595b64144ccf1df_6.0.26100.4768_none_3e0c112ce331287c\COMCTL32.dll
0x00007ffd7a9c0000 - 0x00007ffd7a9e7000 	C:\WINDOWS\System32\win32u.dll
0x00007ffd7cbe0000 - 0x00007ffd7cc0b000 	C:\WINDOWS\System32\GDI32.dll
0x00007ffd7ab70000 - 0x00007ffd7aca8000 	C:\WINDOWS\System32\gdi32full.dll
0x00007ffd7acb0000 - 0x00007ffd7ad53000 	C:\WINDOWS\System32\msvcp_win.dll
0x00007ffd71ac0000 - 0x00007ffd71acb000 	C:\WINDOWS\SYSTEM32\VERSION.dll
0x00007ffd7cd90000 - 0x00007ffd7cdbf000 	C:\WINDOWS\System32\IMM32.DLL
0x00007ffd5f720000 - 0x00007ffd5f72c000 	C:\Program Files\Java\jdk-21\bin\vcruntime140_1.dll
0x00007ffd1dd50000 - 0x00007ffd1ddde000 	C:\Program Files\Java\jdk-21\bin\msvcp140.dll
0x00007ffcf1620000 - 0x00007ffcf233d000 	C:\Program Files\Java\jdk-21\bin\server\jvm.dll
0x00007ffd7c550000 - 0x00007ffd7c5c4000 	C:\WINDOWS\System32\WS2_32.dll
0x00007ffd7a490000 - 0x00007ffd7a4ee000 	C:\WINDOWS\SYSTEM32\POWRPROF.dll
0x00007ffd77fa0000 - 0x00007ffd77fd5000 	C:\WINDOWS\SYSTEM32\WINMM.dll
0x00007ffd7a470000 - 0x00007ffd7a484000 	C:\WINDOWS\SYSTEM32\UMPDC.dll
0x00007ffd79310000 - 0x00007ffd7932b000 	C:\WINDOWS\SYSTEM32\kernel.appcore.dll
0x00007ffd5f610000 - 0x00007ffd5f61a000 	C:\Program Files\Java\jdk-21\bin\jimage.dll
0x00007ffd77d50000 - 0x00007ffd77f91000 	C:\WINDOWS\SYSTEM32\DBGHELP.DLL
0x00007ffd7d130000 - 0x00007ffd7d4b5000 	C:\WINDOWS\System32\combase.dll
0x00007ffd7c390000 - 0x00007ffd7c470000 	C:\WINDOWS\System32\OLEAUT32.dll
0x00007ffd77d00000 - 0x00007ffd77d43000 	C:\WINDOWS\SYSTEM32\dbgcore.DLL
0x00007ffd7b1f0000 - 0x00007ffd7b289000 	C:\WINDOWS\System32\bcryptPrimitives.dll
0x00007ffd5a6f0000 - 0x00007ffd5a72c000 	C:\Program Files\Java\jdk-21\bin\jdwp.dll
0x00007ffd5f5f0000 - 0x00007ffd5f60f000 	C:\Program Files\Java\jdk-21\bin\java.dll

dbghelp: loaded successfully - version: 4.0.5 - missing functions: none
symbol engine: initialized successfully - sym options: 0x614 - pdb path: .;C:\Program Files\Java\jdk-21\bin;C:\WINDOWS\SYSTEM32;C:\WINDOWS\WinSxS\amd64_microsoft.windows.common-controls_6595b64144ccf1df_6.0.26100.4768_none_3e0c112ce331287c;C:\Program Files\Java\jdk-21\bin\server

VM Arguments:
jvm_args: -agentlib:jdwp=transport=dt_socket,server=n,suspend=y,address=localhost:20544 -ea -XX:+ShowCodeDetailsInExceptionMessages 
java_command: TestDoublyLinkedList
java_class_path (initial): C:\Users\jamed\AppData\Roaming\Code\User\workspaceStorage\694c31b33b156eb004839e56b4467a95\redhat.java\jdt_ws\A2_6abd7f3d\bin
Launcher Type: SUN_STANDARD

[Global flags]
     intx CICompilerCount                          = 12                                        {product} {ergonomic}
     uint ConcGCThreads                            = 3                                         {product} {ergonomic}
     uint G1ConcRefinementThreads                  = 13                                        {product} {ergonomic}
   size_t G1HeapRegionSize                         = 2097152                                   {product} {ergonomic}
    uintx GCDrainStackTargetSize                   = 64                                        {product} {ergonomic}
   size_t InitialHeapSize                          = 260046848                                 {product} {ergonomic}
   size_t MarkStackSize                            = 4194304                                   {product} {ergonomic}
   size_t MaxHeapSize                              = 4139778048                                {product} {ergonomic}
   size_t MinHeapDeltaBytes                        = 2097152                                   {product} {ergonomic}
   size_t MinHeapSize                              = 8388608                                   {product} {ergonomic}
    uintx NonNMethodCodeHeapSize                   = 7602480                                {pd product} {ergonomic}
    uintx NonProfiledCodeHeapSize                  = 122027880                              {pd product} {ergonomic}
    uintx ProfiledCodeHeapSize                     = 122027880                              {pd product} {ergonomic}
    uintx ReservedCodeCacheSize                    = 251658240                              {pd product} {ergonomic}
     bool SegmentedCodeCache                       = true                                      {product} {ergonomic}
     bool ShowCodeDetailsInExceptionMessages       = true                                   {manageable} {command line}
   size_t SoftMaxHeapSize                          = 4139778048                             {manageable} {ergonomic}
     bool UseCompressedOops                        = true                           {product lp64_product} {ergonomic}
     bool UseG1GC                                  = true                                      {product} {ergonomic}
     bool UseLargePagesIndividualAllocation        = false                                  {pd product} {ergonomic}

Logging:
Log output configuration:
 #0: stdout all=warning uptime,level,tags foldmultilines=false
 #1: stderr all=off uptime,level,tags foldmultilines=false

Environment Variables:
JAVA_HOME=C:\Program Files\Eclipse Adoptium\jdk-17.0.8.7-hotspot\
PATH=C:\Users\jamed\miniconda3;C:\Users\jamed\miniconda3\Library\mingw-w64\bin;C:\Users\jamed\miniconda3\Library\usr\bin;C:\Users\jamed\miniconda3\Library\bin;C:\Users\jamed\miniconda3\Scripts;C:\Users\jamed\miniconda3\bin;C:\Users\jamed\miniconda3\condabin;C:\Program Files\Common Files\Oracle\Java\javapath;C:\Program Files\NVIDIA GPU Computing Toolkit\CUDA\v12.6\bin;C:\Program Files\NVIDIA GPU Computing Toolkit\CUDA\v12.6\libnvvp;C:\Program Files\Eclipse Adoptium\jdk-17.0.8.7-hotspot\bin;C:\Program Files (x86)\Common Files\Oracle\Java\javapath;C:\Windows\system32;C:\Windows;C:\Windows\System32\Wbem;C:\Windows\System32\WindowsPowerShell\v1.0;C:\Windows\System32\OpenSSH;C:\Program Files (x86)\NVIDIA Corporation\PhysX\Common;C:\Program Files\NVIDIA Corporation\NVIDIA NvDLISR;C:\WINDOWS\system32;C:\WINDOWS;C:\WINDOWS\System32\Wbem;C:\WINDOWS\System32\WindowsPowerShell\v1.0;C:\WINDOWS\System32\OpenSSH;C:\Program Files\Git\cmd;C:\MinGW\bin;C:\Program Files\NVIDIA Corporation\Nsight Compute 2024.3.2;C:\Program Files\dotnet;C:\Program Files\Docker\Docker\resources\bin;C:\Users\jamed\.cargo\bin;C:\Users\jamed\AppData\Local\Microsoft\WindowsApps;C:\Program Files\JetBrains\PyCharm Community Edition 2022.3.2\bin;.;C:\Users\jamed\AppData\Local\Programs\Microsoft VS Code\bin;C:\Users\jamed\AppData\Local\GitHubDesktop\bin;C:\Users\jamed\miniconda3\Scripts;C:\Users\jamed\.rustup;C:\Program Files\NVIDIA GPU Computing Toolkit\CUDA\v12.6\bin;C:\Program Files\Microsoft Visual Studio\2022\Community\VC\Tools\MSVC\14.41.34120\bin\Hostx86\x64;C:\Program Files\Microsoft Visual Studio\2022\Community\VC\Tools\MSVC\14.41.34120\bin;C:\Program Files (x86)\Nmap;C:\Program Files\JetBrains\IntelliJ IDEA 2025.2\bin
USERNAME=jamed
LANG=en_US.UTF-8
OS=Windows_NT
PROCESSOR_IDENTIFIER=AMD64 Family 23 Model 96 Stepping 1, AuthenticAMD
TMP=C:\Users\jamed\AppData\Local\Temp
TEMP=C:\Users\jamed\AppData\Local\Temp




Periodic native trim disabled

---------------  S Y S T E M  ---------------

OS:
 Windows 11 , 64 bit Build 26100 (10.0.26100.4768)
OS uptime: 0 days 3:33 hours
Hyper-V role detected

CPU: total 16 (initial active 16) (16 cores per cpu, 2 threads per core) family 23 model 96 stepping 1 microcode 0x8600104, cx8, cmov, fxsr, ht, mmx, 3dnowpref, sse, sse2, sse3, ssse3, sse4a, sse4.1, sse4.2, popcnt, lzcnt, tsc, tscinvbit, avx, avx2, aes, clmul, bmi1, bmi2, adx, sha, fma, vzeroupper, clflush, clflushopt, hv, rdtscp, rdpid, f16c
Processor Information for all 16 processors :
  Max Mhz: 2900, Current Mhz: 2900, Mhz Limit: 2900

Memory: 4k page, system-wide physical 15789M (5283M free)
TotalPageFile size 15789M (AvailPageFile size 245M)
current process WorkingSet (physical memory assigned to process): 13M, peak: 13M
current process commit charge ("private bytes"): 71M, peak: 318M

vm_info: Java HotSpot(TM) 64-Bit Server VM (21.0.8+12-LTS-250) for windows-amd64 JRE (21.0.8+12-LTS-250), built on 2025-06-27T08:11:22Z by "mach5one" with MS VC++ 17.6 (VS2022)

END.
